<?xml version="1.0" encoding="UTF-8"?>
<coverage generated="1768089682183" clover="3.2.0">
  <project timestamp="1768089682183" name="All files">
    <metrics statements="368" coveredstatements="140" conditionals="384" coveredconditionals="146" methods="123" coveredmethods="47" elements="875" coveredelements="333" complexity="0" loc="368" ncloc="368" packages="8" files="16" classes="16"/>
    <package name="components">
      <metrics statements="33" coveredstatements="0" conditionals="29" coveredconditionals="0" methods="12" coveredmethods="0"/>
      <file name="CustomTabBar.tsx" path="/Users/marcel/Projects/gamedb/mobile/components/CustomTabBar.tsx">
        <metrics statements="19" coveredstatements="0" conditionals="22" coveredconditionals="0" methods="6" coveredmethods="0"/>
        <line num="11" count="0" type="stmt"/>
        <line num="12" count="0" type="stmt"/>
        <line num="14" count="0" type="stmt"/>
        <line num="15" count="0" type="stmt"/>
        <line num="21" count="0" type="cond" truecount="0" falsecount="4"/>
        <line num="23" count="0" type="stmt"/>
        <line num="24" count="0" type="stmt"/>
        <line num="28" count="0" type="stmt"/>
        <line num="33" count="0" type="stmt"/>
        <line num="34" count="0" type="stmt"/>
        <line num="37" count="0" type="cond" truecount="0" falsecount="2"/>
        <line num="44" count="0" type="stmt"/>
        <line num="45" count="0" type="cond" truecount="0" falsecount="2"/>
        <line num="46" count="0" type="stmt"/>
        <line num="47" count="0" type="cond" truecount="0" falsecount="2"/>
        <line num="48" count="0" type="stmt"/>
        <line num="51" count="0" type="stmt"/>
        <line num="57" count="0" type="stmt"/>
        <line num="89" count="0" type="stmt"/>
      </file>
      <file name="ErrorBoundary.tsx" path="/Users/marcel/Projects/gamedb/mobile/components/ErrorBoundary.tsx">
        <metrics statements="14" coveredstatements="0" conditionals="7" coveredconditionals="0" methods="6" coveredmethods="0"/>
        <line num="18" count="0" type="stmt"/>
        <line num="19" count="0" type="stmt"/>
        <line num="26" count="0" type="stmt"/>
        <line num="34" count="0" type="stmt"/>
        <line num="37" count="0" type="stmt"/>
        <line num="38" count="0" type="stmt"/>
        <line num="45" count="0" type="cond" truecount="0" falsecount="2"/>
        <line num="46" count="0" type="cond" truecount="0" falsecount="2"/>
        <line num="47" count="0" type="stmt"/>
        <line num="50" count="0" type="stmt"/>
        <line num="53" count="0" type="stmt"/>
        <line num="63" count="0" type="stmt"/>
        <line num="64" count="0" type="stmt"/>
        <line num="114" count="0" type="stmt"/>
      </file>
    </package>
    <package name="components.game">
      <metrics statements="86" coveredstatements="64" conditionals="147" coveredconditionals="113" methods="17" coveredmethods="9"/>
      <file name="GameCard.tsx" path="/Users/marcel/Projects/gamedb/mobile/components/game/GameCard.tsx">
        <metrics statements="16" coveredstatements="0" conditionals="21" coveredconditionals="0" methods="8" coveredmethods="0"/>
        <line num="22" count="0" type="stmt"/>
        <line num="23" count="0" type="stmt"/>
        <line num="25" count="0" type="cond" truecount="0" falsecount="2"/>
        <line num="30" count="0" type="stmt"/>
        <line num="31" count="0" type="stmt"/>
        <line num="32" count="0" type="stmt"/>
        <line num="33" count="0" type="stmt"/>
        <line num="34" count="0" type="cond" truecount="0" falsecount="2"/>
        <line num="35" count="0" type="stmt"/>
        <line num="38" count="0" type="stmt"/>
        <line num="41" count="0" type="stmt"/>
        <line num="87" count="0" type="stmt"/>
        <line num="98" count="0" type="stmt"/>
        <line num="128" count="0" type="stmt"/>
        <line num="129" count="0" type="stmt"/>
        <line num="144" count="0" type="stmt"/>
      </file>
      <file name="Platforms.tsx" path="/Users/marcel/Projects/gamedb/mobile/components/game/Platforms.tsx">
        <metrics statements="70" coveredstatements="64" conditionals="126" coveredconditionals="113" methods="9" coveredmethods="9"/>
        <line num="35" count="4" type="stmt"/>
        <line num="73" count="4" type="stmt"/>
        <line num="112" count="4" type="stmt"/>
        <line num="113" count="5" type="cond" truecount="5" falsecount="0"/>
        <line num="114" count="1" type="stmt"/>
        <line num="115" count="1" type="stmt"/>
        <line num="116" count="1" type="stmt"/>
        <line num="117" count="1" type="stmt"/>
        <line num="118" count="1" type="stmt"/>
        <line num="123" count="4" type="stmt"/>
        <line num="124" count="4" type="cond" truecount="2" falsecount="0"/>
        <line num="127" count="4" type="stmt"/>
        <line num="128" count="150" type="stmt"/>
        <line num="131" count="4" type="stmt"/>
        <line num="132" count="10" type="stmt"/>
        <line num="145" count="4" type="stmt"/>
        <line num="146" count="51" type="stmt"/>
        <line num="149" count="51" type="cond" truecount="5" falsecount="0"/>
        <line num="150" count="3" type="stmt"/>
        <line num="154" count="48" type="cond" truecount="9" falsecount="0"/>
        <line num="156" count="36" type="stmt"/>
        <line num="160" count="12" type="cond" truecount="2" falsecount="0"/>
        <line num="161" count="2" type="stmt"/>
        <line num="165" count="10" type="cond" truecount="6" falsecount="0"/>
        <line num="166" count="2" type="stmt"/>
        <line num="170" count="8" type="cond" truecount="1" falsecount="1"/>
        <line num="171" count="0" type="stmt"/>
        <line num="175" count="8" type="cond" truecount="1" falsecount="1"/>
        <line num="176" count="0" type="stmt"/>
        <line num="180" count="8" type="stmt"/>
        <line num="184" count="4" type="stmt"/>
        <line num="185" count="172" type="stmt"/>
        <line num="188" count="172" type="cond" truecount="5" falsecount="0"/>
        <line num="189" count="30" type="stmt"/>
        <line num="193" count="142" type="cond" truecount="6" falsecount="0"/>
        <line num="194" count="30" type="stmt"/>
        <line num="198" count="112" type="cond" truecount="4" falsecount="0"/>
        <line num="199" count="4" type="stmt"/>
        <line num="203" count="108" type="stmt"/>
        <line num="207" count="4" type="stmt"/>
        <line num="208" count="61" type="stmt"/>
        <line num="211" count="61" type="cond" truecount="2" falsecount="0"/>
        <line num="212" count="60" type="cond" truecount="2" falsecount="0"/>
        <line num="213" count="59" type="cond" truecount="2" falsecount="0"/>
        <line num="214" count="58" type="cond" truecount="2" falsecount="0"/>
        <line num="215" count="57" type="cond" truecount="4" falsecount="0"/>
        <line num="216" count="56" type="cond" truecount="1" falsecount="1"/>
        <line num="219" count="56" type="cond" truecount="2" falsecount="0"/>
        <line num="220" count="55" type="cond" truecount="2" falsecount="0"/>
        <line num="221" count="54" type="cond" truecount="2" falsecount="0"/>
        <line num="222" count="53" type="cond" truecount="1" falsecount="1"/>
        <line num="225" count="53" type="cond" truecount="2" falsecount="0"/>
        <line num="226" count="52" type="cond" truecount="2" falsecount="0"/>
        <line num="227" count="51" type="cond" truecount="4" falsecount="0"/>
        <line num="228" count="50" type="cond" truecount="2" falsecount="0"/>
        <line num="229" count="43" type="cond" truecount="3" falsecount="1"/>
        <line num="230" count="43" type="cond" truecount="2" falsecount="0"/>
        <line num="233" count="42" type="cond" truecount="2" falsecount="0"/>
        <line num="234" count="41" type="cond" truecount="4" falsecount="0"/>
        <line num="235" count="40" type="cond" truecount="2" falsecount="0"/>
        <line num="238" count="39" type="cond" truecount="4" falsecount="0"/>
        <line num="239" count="30" type="cond" truecount="5" falsecount="0"/>
        <line num="240" count="21" type="cond" truecount="5" falsecount="0"/>
        <line num="241" count="11" type="cond" truecount="4" falsecount="0"/>
        <line num="242" count="2" type="cond" truecount="4" falsecount="0"/>
        <line num="243" count="1" type="cond" truecount="2" falsecount="2"/>
        <line num="246" count="0" type="cond" truecount="0" falsecount="2"/>
        <line num="249" count="0" type="cond" truecount="0" falsecount="2"/>
        <line num="250" count="0" type="cond" truecount="0" falsecount="2"/>
        <line num="253" count="0" type="stmt"/>
      </file>
    </package>
    <package name="components.icons">
      <metrics statements="36" coveredstatements="0" conditionals="82" coveredconditionals="0" methods="2" coveredmethods="0"/>
      <file name="PlatformIcon.tsx" path="/Users/marcel/Projects/gamedb/mobile/components/icons/PlatformIcon.tsx">
        <metrics statements="36" coveredstatements="0" conditionals="82" coveredconditionals="0" methods="2" coveredmethods="0"/>
        <line num="25" count="0" type="stmt"/>
        <line num="64" count="0" type="stmt"/>
        <line num="65" count="0" type="stmt"/>
        <line num="68" count="0" type="cond" truecount="0" falsecount="2"/>
        <line num="69" count="0" type="stmt"/>
        <line num="73" count="0" type="stmt"/>
        <line num="84" count="0" type="stmt"/>
        <line num="87" count="0" type="cond" truecount="0" falsecount="2"/>
        <line num="88" count="0" type="cond" truecount="0" falsecount="2"/>
        <line num="89" count="0" type="cond" truecount="0" falsecount="2"/>
        <line num="90" count="0" type="cond" truecount="0" falsecount="2"/>
        <line num="91" count="0" type="cond" truecount="0" falsecount="4"/>
        <line num="92" count="0" type="cond" truecount="0" falsecount="2"/>
        <line num="95" count="0" type="cond" truecount="0" falsecount="2"/>
        <line num="96" count="0" type="cond" truecount="0" falsecount="2"/>
        <line num="97" count="0" type="cond" truecount="0" falsecount="2"/>
        <line num="98" count="0" type="cond" truecount="0" falsecount="2"/>
        <line num="101" count="0" type="cond" truecount="0" falsecount="2"/>
        <line num="102" count="0" type="cond" truecount="0" falsecount="2"/>
        <line num="103" count="0" type="cond" truecount="0" falsecount="4"/>
        <line num="104" count="0" type="cond" truecount="0" falsecount="4"/>
        <line num="105" count="0" type="cond" truecount="0" falsecount="2"/>
        <line num="106" count="0" type="cond" truecount="0" falsecount="2"/>
        <line num="109" count="0" type="cond" truecount="0" falsecount="4"/>
        <line num="110" count="0" type="cond" truecount="0" falsecount="5"/>
        <line num="111" count="0" type="cond" truecount="0" falsecount="5"/>
        <line num="112" count="0" type="cond" truecount="0" falsecount="4"/>
        <line num="113" count="0" type="cond" truecount="0" falsecount="4"/>
        <line num="114" count="0" type="cond" truecount="0" falsecount="4"/>
        <line num="117" count="0" type="cond" truecount="0" falsecount="2"/>
        <line num="118" count="0" type="cond" truecount="0" falsecount="4"/>
        <line num="119" count="0" type="cond" truecount="0" falsecount="2"/>
        <line num="122" count="0" type="cond" truecount="0" falsecount="2"/>
        <line num="125" count="0" type="cond" truecount="0" falsecount="2"/>
        <line num="126" count="0" type="cond" truecount="0" falsecount="2"/>
        <line num="129" count="0" type="stmt"/>
      </file>
    </package>
    <package name="components.library">
      <metrics statements="54" coveredstatements="33" conditionals="51" coveredconditionals="20" methods="27" coveredmethods="15"/>
      <file name="EmptyLibraryState.tsx" path="/Users/marcel/Projects/gamedb/mobile/components/library/EmptyLibraryState.tsx">
        <metrics statements="4" coveredstatements="4" conditionals="0" coveredconditionals="0" methods="3" coveredmethods="3"/>
        <line num="12" count="4" type="stmt"/>
        <line num="13" count="4" type="stmt"/>
        <line num="15" count="4" type="stmt"/>
        <line num="36" count="4" type="stmt"/>
      </file>
      <file name="FloatingActionButton.tsx" path="/Users/marcel/Projects/gamedb/mobile/components/library/FloatingActionButton.tsx">
        <metrics statements="4" coveredstatements="0" conditionals="0" coveredconditionals="0" methods="3" coveredmethods="0"/>
        <line num="12" count="0" type="stmt"/>
        <line num="13" count="0" type="stmt"/>
        <line num="15" count="0" type="stmt"/>
        <line num="30" count="0" type="stmt"/>
      </file>
      <file name="GameCardGrid.tsx" path="/Users/marcel/Projects/gamedb/mobile/components/library/GameCardGrid.tsx">
        <metrics statements="12" coveredstatements="12" conditionals="12" coveredconditionals="9" methods="6" coveredmethods="6"/>
        <line num="15" count="8" type="stmt"/>
        <line num="16" count="8" type="stmt"/>
        <line num="19" count="8" type="stmt"/>
        <line num="20" count="8" type="stmt"/>
        <line num="21" count="8" type="stmt"/>
        <line num="22" count="24" type="stmt"/>
        <line num="23" count="24" type="cond" truecount="1" falsecount="1"/>
        <line num="24" count="24" type="stmt"/>
        <line num="27" count="8" type="stmt"/>
        <line num="30" count="8" type="stmt"/>
        <line num="72" count="14" type="stmt"/>
        <line num="95" count="8" type="stmt"/>
      </file>
      <file name="GameCardList.tsx" path="/Users/marcel/Projects/gamedb/mobile/components/library/GameCardList.tsx">
        <metrics statements="22" coveredstatements="17" conditionals="15" coveredconditionals="11" methods="8" coveredmethods="6"/>
        <line num="19" count="9" type="stmt"/>
        <line num="20" count="9" type="stmt"/>
        <line num="21" count="9" type="stmt"/>
        <line num="24" count="9" type="stmt"/>
        <line num="25" count="9" type="stmt"/>
        <line num="26" count="9" type="stmt"/>
        <line num="27" count="27" type="stmt"/>
        <line num="28" count="27" type="cond" truecount="1" falsecount="1"/>
        <line num="29" count="27" type="stmt"/>
        <line num="32" count="9" type="stmt"/>
        <line num="35" count="9" type="stmt"/>
        <line num="39" count="0" type="stmt"/>
        <line num="45" count="0" type="stmt"/>
        <line num="46" count="0" type="stmt"/>
        <line num="47" count="0" type="stmt"/>
        <line num="50" count="0" type="stmt"/>
        <line num="67" count="9" type="stmt"/>
        <line num="108" count="24" type="stmt"/>
        <line num="139" count="9" type="cond" truecount="2" falsecount="0"/>
        <line num="140" count="8" type="stmt"/>
        <line num="143" count="1" type="stmt"/>
        <line num="155" count="9" type="stmt"/>
      </file>
      <file name="LibraryHeader.tsx" path="/Users/marcel/Projects/gamedb/mobile/components/library/LibraryHeader.tsx">
        <metrics statements="12" coveredstatements="0" conditionals="24" coveredconditionals="0" methods="7" coveredmethods="0"/>
        <line num="23" count="0" type="stmt"/>
        <line num="24" count="0" type="stmt"/>
        <line num="25" count="0" type="stmt"/>
        <line num="27" count="0" type="stmt"/>
        <line num="28" count="0" type="cond" truecount="0" falsecount="4"/>
        <line num="29" count="0" type="stmt"/>
        <line num="31" count="0" type="stmt"/>
        <line num="34" count="0" type="stmt"/>
        <line num="64" count="0" type="stmt"/>
        <line num="78" count="0" type="stmt"/>
        <line num="115" count="0" type="stmt"/>
        <line num="132" count="0" type="stmt"/>
      </file>
    </package>
    <package name="components.profile">
      <metrics statements="11" coveredstatements="0" conditionals="4" coveredconditionals="0" methods="8" coveredmethods="0"/>
      <file name="UserPlatform.tsx" path="/Users/marcel/Projects/gamedb/mobile/components/profile/UserPlatform.tsx">
        <metrics statements="11" coveredstatements="0" conditionals="4" coveredconditionals="0" methods="8" coveredmethods="0"/>
        <line num="14" count="0" type="stmt"/>
        <line num="15" count="0" type="stmt"/>
        <line num="16" count="0" type="stmt"/>
        <line num="18" count="0" type="stmt"/>
        <line num="19" count="0" type="stmt"/>
        <line num="27" count="0" type="stmt"/>
        <line num="33" count="0" type="stmt"/>
        <line num="49" count="0" type="stmt"/>
        <line num="60" count="0" type="stmt"/>
        <line num="88" count="0" type="stmt"/>
        <line num="100" count="0" type="stmt"/>
      </file>
    </package>
    <package name="screens">
      <metrics statements="48" coveredstatements="0" conditionals="26" coveredconditionals="0" methods="24" coveredmethods="0"/>
      <file name="GameLibraryScreen.tsx" path="/Users/marcel/Projects/gamedb/mobile/screens/GameLibraryScreen.tsx">
        <metrics statements="48" coveredstatements="0" conditionals="26" coveredconditionals="0" methods="24" coveredmethods="0"/>
        <line num="19" count="0" type="stmt"/>
        <line num="20" count="0" type="stmt"/>
        <line num="21" count="0" type="stmt"/>
        <line num="23" count="0" type="stmt"/>
        <line num="24" count="0" type="stmt"/>
        <line num="25" count="0" type="stmt"/>
        <line num="28" count="0" type="stmt"/>
        <line num="29" count="0" type="cond" truecount="0" falsecount="2"/>
        <line num="30" count="0" type="stmt"/>
        <line num="32" count="0" type="stmt"/>
        <line num="33" count="0" type="stmt"/>
        <line num="34" count="0" type="stmt"/>
        <line num="39" count="0" type="stmt"/>
        <line num="40" count="0" type="cond" truecount="0" falsecount="2"/>
        <line num="41" count="0" type="stmt"/>
        <line num="44" count="0" type="stmt"/>
        <line num="46" count="0" type="stmt"/>
        <line num="47" count="0" type="cond" truecount="0" falsecount="2"/>
        <line num="48" count="0" type="cond" truecount="0" falsecount="2"/>
        <line num="49" count="0" type="stmt"/>
        <line num="53" count="0" type="stmt"/>
        <line num="54" count="0" type="stmt"/>
        <line num="55" count="0" type="stmt"/>
        <line num="59" count="0" type="stmt"/>
        <line num="61" count="0" type="stmt"/>
        <line num="62" count="0" type="stmt"/>
        <line num="65" count="0" type="stmt"/>
        <line num="66" count="0" type="stmt"/>
        <line num="69" count="0" type="stmt"/>
        <line num="70" count="0" type="stmt"/>
        <line num="73" count="0" type="stmt"/>
        <line num="95" count="0" type="cond" truecount="0" falsecount="2"/>
        <line num="96" count="0" type="stmt"/>
        <line num="97" count="0" type="cond" truecount="0" falsecount="2"/>
        <line num="99" count="0" type="stmt"/>
        <line num="102" count="0" type="stmt"/>
        <line num="105" count="0" type="stmt"/>
        <line num="112" count="0" type="stmt"/>
        <line num="115" count="0" type="stmt"/>
        <line num="116" count="0" type="stmt"/>
        <line num="121" count="0" type="stmt"/>
        <line num="126" count="0" type="stmt"/>
        <line num="135" count="0" type="cond" truecount="0" falsecount="2"/>
        <line num="138" count="0" type="stmt"/>
        <line num="143" count="0" type="stmt"/>
        <line num="144" count="0" type="stmt"/>
        <line num="148" count="0" type="stmt"/>
        <line num="161" count="0" type="stmt"/>
      </file>
    </package>
    <package name="services">
      <metrics statements="55" coveredstatements="0" conditionals="31" coveredconditionals="0" methods="8" coveredmethods="0"/>
      <file name="GameService.ts" path="/Users/marcel/Projects/gamedb/mobile/services/GameService.ts">
        <metrics statements="55" coveredstatements="0" conditionals="31" coveredconditionals="0" methods="8" coveredmethods="0"/>
        <line num="1" count="0" type="stmt"/>
        <line num="2" count="0" type="stmt"/>
        <line num="3" count="0" type="stmt"/>
        <line num="10" count="0" type="stmt"/>
        <line num="11" count="0" type="stmt"/>
        <line num="19" count="0" type="stmt"/>
        <line num="20" count="0" type="stmt"/>
        <line num="21" count="0" type="stmt"/>
        <line num="27" count="0" type="stmt"/>
        <line num="28" count="0" type="stmt"/>
        <line num="35" count="0" type="stmt"/>
        <line num="41" count="0" type="stmt"/>
        <line num="42" count="0" type="stmt"/>
        <line num="44" count="0" type="stmt"/>
        <line num="45" count="0" type="stmt"/>
        <line num="49" count="0" type="stmt"/>
        <line num="50" count="0" type="stmt"/>
        <line num="52" count="0" type="stmt"/>
        <line num="54" count="0" type="cond" truecount="0" falsecount="2"/>
        <line num="55" count="0" type="stmt"/>
        <line num="59" count="0" type="stmt"/>
        <line num="67" count="0" type="stmt"/>
        <line num="68" count="0" type="cond" truecount="0" falsecount="2"/>
        <line num="69" count="0" type="stmt"/>
        <line num="72" count="0" type="stmt"/>
        <line num="75" count="0" type="stmt"/>
        <line num="76" count="0" type="stmt"/>
        <line num="77" count="0" type="stmt"/>
        <line num="80" count="0" type="cond" truecount="0" falsecount="2"/>
        <line num="81" count="0" type="stmt"/>
        <line num="84" count="0" type="cond" truecount="0" falsecount="7"/>
        <line num="86" count="0" type="stmt"/>
        <line num="88" count="0" type="stmt"/>
        <line num="90" count="0" type="stmt"/>
        <line num="95" count="0" type="cond" truecount="0" falsecount="2"/>
        <line num="96" count="0" type="stmt"/>
        <line num="97" count="0" type="stmt"/>
        <line num="99" count="0" type="stmt"/>
        <line num="101" count="0" type="stmt"/>
        <line num="106" count="0" type="stmt"/>
        <line num="109" count="0" type="cond" truecount="0" falsecount="2"/>
        <line num="110" count="0" type="stmt"/>
        <line num="111" count="0" type="stmt"/>
        <line num="114" count="0" type="stmt"/>
        <line num="117" count="0" type="stmt"/>
        <line num="120" count="0" type="cond" truecount="0" falsecount="4"/>
        <line num="121" count="0" type="stmt"/>
        <line num="125" count="0" type="cond" truecount="0" falsecount="2"/>
        <line num="126" count="0" type="stmt"/>
        <line num="130" count="0" type="cond" truecount="0" falsecount="2"/>
        <line num="131" count="0" type="stmt"/>
        <line num="132" count="0" type="stmt"/>
        <line num="133" count="0" type="stmt"/>
        <line num="137" count="0" type="cond" truecount="0" falsecount="2"/>
        <line num="141" count="0" type="cond" truecount="0" falsecount="2"/>
      </file>
    </package>
    <package name="store">
      <metrics statements="45" coveredstatements="43" conditionals="14" coveredconditionals="13" methods="25" coveredmethods="23"/>
      <file name="types.ts" path="/Users/marcel/Projects/gamedb/mobile/store/types.ts">
        <metrics statements="0" coveredstatements="0" conditionals="0" coveredconditionals="0" methods="0" coveredmethods="0"/>
      </file>
      <file name="useGameStore.ts" path="/Users/marcel/Projects/gamedb/mobile/store/useGameStore.ts">
        <metrics statements="30" coveredstatements="30" conditionals="12" coveredconditionals="11" methods="17" coveredmethods="16"/>
        <line num="34" count="1" type="stmt"/>
        <line num="36" count="1" type="stmt"/>
        <line num="44" count="4" type="stmt"/>
        <line num="46" count="4" type="stmt"/>
        <line num="47" count="4" type="stmt"/>
        <line num="48" count="3" type="stmt"/>
        <line num="49" count="3" type="stmt"/>
        <line num="51" count="1" type="stmt"/>
        <line num="55" count="1" type="stmt"/>
        <line num="59" count="2" type="stmt"/>
        <line num="60" count="2" type="cond" truecount="2" falsecount="0"/>
        <line num="62" count="1" type="stmt"/>
        <line num="63" count="2" type="cond" truecount="2" falsecount="0"/>
        <line num="67" count="2" type="stmt"/>
        <line num="68" count="1" type="stmt"/>
        <line num="72" count="9" type="stmt"/>
        <line num="74" count="9" type="stmt"/>
        <line num="75" count="4" type="cond" truecount="2" falsecount="0"/>
        <line num="77" count="9" type="cond" truecount="2" falsecount="0"/>
        <line num="78" count="8" type="stmt"/>
        <line num="82" count="4" type="stmt"/>
        <line num="83" count="4" type="cond" truecount="2" falsecount="0"/>
        <line num="84" count="3" type="stmt"/>
        <line num="88" count="1" type="stmt"/>
        <line num="89" count="1" type="stmt"/>
        <line num="92" count="17" type="stmt"/>
        <line num="94" count="2" type="stmt"/>
        <line num="95" count="17" type="stmt"/>
        <line num="99" count="1" type="stmt"/>
        <line num="100" count="76" type="stmt"/>
      </file>
      <file name="useUserStore.ts" path="/Users/marcel/Projects/gamedb/mobile/store/useUserStore.ts">
        <metrics statements="15" coveredstatements="13" conditionals="2" coveredconditionals="2" methods="8" coveredmethods="7"/>
        <line num="20" count="1" type="stmt"/>
        <line num="22" count="1" type="stmt"/>
        <line num="25" count="16" type="stmt"/>
        <line num="26" count="16" type="stmt"/>
        <line num="27" count="16" type="cond" truecount="2" falsecount="0"/>
        <line num="28" count="15" type="stmt"/>
        <line num="29" count="15" type="stmt"/>
        <line num="33" count="3" type="stmt"/>
        <line num="34" count="3" type="stmt"/>
        <line num="35" count="9" type="stmt"/>
        <line num="38" count="4" type="stmt"/>
        <line num="39" count="4" type="stmt"/>
        <line num="42" count="0" type="stmt"/>
        <line num="43" count="0" type="stmt"/>
        <line num="46" count="1" type="stmt"/>
      </file>
    </package>
  </project>
</coverage>
