{"/Users/marcel/Projects/gamedb/mobile/components/CustomTabBar.tsx": {"path":"/Users/marcel/Projects/gamedb/mobile/components/CustomTabBar.tsx","statementMap":{"0":{"start":{"line":11,"column":29},"end":{"line":11,"column":39}},"1":{"start":{"line":12,"column":17},"end":{"line":12,"column":78}},"2":{"start":{"line":12,"column":31},"end":{"line":12,"column":59}},"3":{"start":{"line":14,"column":25},"end":{"line":26,"column":3}},"4":{"start":{"line":15,"column":18},"end":{"line":19,"column":6}},"5":{"start":{"line":21,"column":4},"end":{"line":25,"column":5}},"6":{"start":{"line":23,"column":6},"end":{"line":23,"column":62}},"7":{"start":{"line":24,"column":6},"end":{"line":24,"column":38}},"8":{"start":{"line":28,"column":2},"end":{"line":86,"column":4}},"9":{"start":{"line":33,"column":32},"end":{"line":33,"column":54}},"10":{"start":{"line":34,"column":30},"end":{"line":34,"column":51}},"11":{"start":{"line":37,"column":14},"end":{"line":41,"column":28}},"12":{"start":{"line":44,"column":73},"end":{"line":44,"column":79}},"13":{"start":{"line":45,"column":12},"end":{"line":49,"column":13}},"14":{"start":{"line":46,"column":14},"end":{"line":46,"column":46}},"15":{"start":{"line":47,"column":19},"end":{"line":49,"column":13}},"16":{"start":{"line":48,"column":14},"end":{"line":48,"column":39}},"17":{"start":{"line":51,"column":12},"end":{"line":81,"column":14}},"18":{"start":{"line":57,"column":31},"end":{"line":57,"column":70}},"19":{"start":{"line":89,"column":21},"end":{"line":130,"column":2}},"20":{"start":{"line":89,"column":64},"end":{"line":130,"column":2}}},"fnMap":{"0":{"name":"CustomTabBar","decl":{"start":{"line":10,"column":16},"end":{"line":10,"column":28}},"loc":{"start":{"line":10,"column":84},"end":{"line":87,"column":1}},"line":10},"1":{"name":"(anonymous_1)","decl":{"start":{"line":12,"column":25},"end":{"line":12,"column":26}},"loc":{"start":{"line":12,"column":31},"end":{"line":12,"column":59}},"line":12},"2":{"name":"(anonymous_2)","decl":{"start":{"line":14,"column":25},"end":{"line":14,"column":26}},"loc":{"start":{"line":14,"column":76},"end":{"line":26,"column":3}},"line":14},"3":{"name":"(anonymous_3)","decl":{"start":{"line":32,"column":28},"end":{"line":32,"column":29}},"loc":{"start":{"line":32,"column":46},"end":{"line":82,"column":11}},"line":32},"4":{"name":"(anonymous_4)","decl":{"start":{"line":57,"column":25},"end":{"line":57,"column":26}},"loc":{"start":{"line":57,"column":31},"end":{"line":57,"column":70}},"line":57},"5":{"name":"(anonymous_5)","decl":{"start":{"line":89,"column":21},"end":{"line":89,"column":22}},"loc":{"start":{"line":89,"column":64},"end":{"line":130,"column":2}},"line":89}},"branchMap":{"0":{"loc":{"start":{"line":21,"column":4},"end":{"line":25,"column":5}},"type":"if","locations":[{"start":{"line":21,"column":4},"end":{"line":25,"column":5}},{"start":{},"end":{}}],"line":21},"1":{"loc":{"start":{"line":21,"column":8},"end":{"line":21,"column":45}},"type":"binary-expr","locations":[{"start":{"line":21,"column":8},"end":{"line":21,"column":18}},{"start":{"line":21,"column":22},"end":{"line":21,"column":45}}],"line":21},"2":{"loc":{"start":{"line":37,"column":14},"end":{"line":41,"column":28}},"type":"cond-expr","locations":[{"start":{"line":38,"column":18},"end":{"line":38,"column":37}},{"start":{"line":39,"column":18},"end":{"line":41,"column":28}}],"line":37},"3":{"loc":{"start":{"line":39,"column":18},"end":{"line":41,"column":28}},"type":"cond-expr","locations":[{"start":{"line":40,"column":18},"end":{"line":40,"column":31}},{"start":{"line":41,"column":18},"end":{"line":41,"column":28}}],"line":39},"4":{"loc":{"start":{"line":45,"column":12},"end":{"line":49,"column":13}},"type":"if","locations":[{"start":{"line":45,"column":12},"end":{"line":49,"column":13}},{"start":{"line":47,"column":19},"end":{"line":49,"column":13}}],"line":45},"5":{"loc":{"start":{"line":47,"column":19},"end":{"line":49,"column":13}},"type":"if","locations":[{"start":{"line":47,"column":19},"end":{"line":49,"column":13}},{"start":{},"end":{}}],"line":47},"6":{"loc":{"start":{"line":55,"column":36},"end":{"line":55,"column":71}},"type":"cond-expr","locations":[{"start":{"line":55,"column":48},"end":{"line":55,"column":66}},{"start":{"line":55,"column":69},"end":{"line":55,"column":71}}],"line":55},"7":{"loc":{"start":{"line":66,"column":27},"end":{"line":66,"column":74}},"type":"cond-expr","locations":[{"start":{"line":66,"column":39},"end":{"line":66,"column":52}},{"start":{"line":66,"column":55},"end":{"line":66,"column":74}}],"line":66},"8":{"loc":{"start":{"line":74,"column":20},"end":{"line":74,"column":51}},"type":"binary-expr","locations":[{"start":{"line":74,"column":20},"end":{"line":74,"column":29}},{"start":{"line":74,"column":33},"end":{"line":74,"column":51}}],"line":74},"9":{"loc":{"start":{"line":78,"column":19},"end":{"line":78,"column":65}},"type":"cond-expr","locations":[{"start":{"line":78,"column":47},"end":{"line":78,"column":52}},{"start":{"line":78,"column":55},"end":{"line":78,"column":65}}],"line":78},"10":{"loc":{"start":{"line":100,"column":19},"end":{"line":100,"column":50}},"type":"cond-expr","locations":[{"start":{"line":100,"column":43},"end":{"line":100,"column":45}},{"start":{"line":100,"column":48},"end":{"line":100,"column":50}}],"line":100}},"s":{"0":0,"1":0,"2":0,"3":0,"4":0,"5":0,"6":0,"7":0,"8":0,"9":0,"10":0,"11":0,"12":0,"13":0,"14":0,"15":0,"16":0,"17":0,"18":0,"19":0,"20":0},"f":{"0":0,"1":0,"2":0,"3":0,"4":0,"5":0},"b":{"0":[0,0],"1":[0,0],"2":[0,0],"3":[0,0],"4":[0,0],"5":[0,0],"6":[0,0],"7":[0,0],"8":[0,0],"9":[0,0],"10":[0,0]}}
,"/Users/marcel/Projects/gamedb/mobile/components/ErrorBoundary.tsx": {"path":"/Users/marcel/Projects/gamedb/mobile/components/ErrorBoundary.tsx","statementMap":{"0":{"start":{"line":18,"column":4},"end":{"line":18,"column":17}},"1":{"start":{"line":19,"column":4},"end":{"line":22,"column":6}},"2":{"start":{"line":26,"column":4},"end":{"line":29,"column":6}},"3":{"start":{"line":34,"column":4},"end":{"line":34,"column":68}},"4":{"start":{"line":37,"column":16},"end":{"line":42,"column":3}},"5":{"start":{"line":38,"column":4},"end":{"line":41,"column":7}},"6":{"start":{"line":45,"column":4},"end":{"line":51,"column":5}},"7":{"start":{"line":46,"column":6},"end":{"line":48,"column":7}},"8":{"start":{"line":47,"column":8},"end":{"line":47,"column":35}},"9":{"start":{"line":50,"column":6},"end":{"line":50,"column":83}},"10":{"start":{"line":53,"column":4},"end":{"line":53,"column":31}},"11":{"start":{"line":63,"column":21},"end":{"line":63,"column":31}},"12":{"start":{"line":64,"column":17},"end":{"line":112,"column":4}},"13":{"start":{"line":114,"column":2},"end":{"line":135,"column":4}}},"fnMap":{"0":{"name":"(anonymous_0)","decl":{"start":{"line":17,"column":2},"end":{"line":17,"column":3}},"loc":{"start":{"line":17,"column":41},"end":{"line":23,"column":3}},"line":17},"1":{"name":"(anonymous_1)","decl":{"start":{"line":25,"column":2},"end":{"line":25,"column":3}},"loc":{"start":{"line":25,"column":68},"end":{"line":30,"column":3}},"line":25},"2":{"name":"(anonymous_2)","decl":{"start":{"line":32,"column":2},"end":{"line":32,"column":3}},"loc":{"start":{"line":32,"column":62},"end":{"line":35,"column":3}},"line":32},"3":{"name":"(anonymous_3)","decl":{"start":{"line":37,"column":16},"end":{"line":37,"column":17}},"loc":{"start":{"line":37,"column":22},"end":{"line":42,"column":3}},"line":37},"4":{"name":"(anonymous_4)","decl":{"start":{"line":44,"column":2},"end":{"line":44,"column":3}},"loc":{"start":{"line":44,"column":11},"end":{"line":54,"column":3}},"line":44},"5":{"name":"ErrorFallback","decl":{"start":{"line":62,"column":9},"end":{"line":62,"column":22}},"loc":{"start":{"line":62,"column":63},"end":{"line":136,"column":1}},"line":62}},"branchMap":{"0":{"loc":{"start":{"line":45,"column":4},"end":{"line":51,"column":5}},"type":"if","locations":[{"start":{"line":45,"column":4},"end":{"line":51,"column":5}},{"start":{},"end":{}}],"line":45},"1":{"loc":{"start":{"line":46,"column":6},"end":{"line":48,"column":7}},"type":"if","locations":[{"start":{"line":46,"column":6},"end":{"line":48,"column":7}},{"start":{},"end":{}}],"line":46},"2":{"loc":{"start":{"line":121,"column":7},"end":{"line":125,"column":7}},"type":"binary-expr","locations":[{"start":{"line":121,"column":7},"end":{"line":121,"column":14}},{"start":{"line":121,"column":18},"end":{"line":121,"column":23}},{"start":{"line":122,"column":8},"end":{"line":124,"column":15}}],"line":121}},"s":{"0":0,"1":0,"2":0,"3":0,"4":0,"5":0,"6":0,"7":0,"8":0,"9":0,"10":0,"11":0,"12":0,"13":0},"f":{"0":0,"1":0,"2":0,"3":0,"4":0,"5":0},"b":{"0":[0,0],"1":[0,0],"2":[0,0,0]}}
,"/Users/marcel/Projects/gamedb/mobile/components/game/GameCard.tsx": {"path":"/Users/marcel/Projects/gamedb/mobile/components/game/GameCard.tsx","statementMap":{"0":{"start":{"line":22,"column":21},"end":{"line":22,"column":31}},"1":{"start":{"line":23,"column":17},"end":{"line":23,"column":62}},"2":{"start":{"line":23,"column":31},"end":{"line":23,"column":51}},"3":{"start":{"line":25,"column":22},"end":{"line":27,"column":10}},"4":{"start":{"line":30,"column":30},"end":{"line":39,"column":22}},"5":{"start":{"line":31,"column":28},"end":{"line":31,"column":53}},"6":{"start":{"line":32,"column":4},"end":{"line":37,"column":7}},"7":{"start":{"line":33,"column":25},"end":{"line":33,"column":56}},"8":{"start":{"line":34,"column":6},"end":{"line":36,"column":7}},"9":{"start":{"line":35,"column":8},"end":{"line":35,"column":50}},"10":{"start":{"line":38,"column":4},"end":{"line":38,"column":48}},"11":{"start":{"line":41,"column":2},"end":{"line":141,"column":4}},"12":{"start":{"line":87,"column":14},"end":{"line":89,"column":21}},"13":{"start":{"line":98,"column":14},"end":{"line":108,"column":21}},"14":{"start":{"line":128,"column":14},"end":{"line":128,"column":34}},"15":{"start":{"line":129,"column":14},"end":{"line":129,"column":31}},"16":{"start":{"line":144,"column":21},"end":{"line":280,"column":2}},"17":{"start":{"line":144,"column":47},"end":{"line":280,"column":2}}},"fnMap":{"0":{"name":"GameCard","decl":{"start":{"line":16,"column":24},"end":{"line":16,"column":32}},"loc":{"start":{"line":21,"column":51},"end":{"line":142,"column":1}},"line":21},"1":{"name":"(anonymous_1)","decl":{"start":{"line":23,"column":25},"end":{"line":23,"column":26}},"loc":{"start":{"line":23,"column":31},"end":{"line":23,"column":51}},"line":23},"2":{"name":"(anonymous_2)","decl":{"start":{"line":30,"column":38},"end":{"line":30,"column":39}},"loc":{"start":{"line":30,"column":44},"end":{"line":39,"column":3}},"line":30},"3":{"name":"(anonymous_3)","decl":{"start":{"line":32,"column":27},"end":{"line":32,"column":28}},"loc":{"start":{"line":32,"column":39},"end":{"line":37,"column":5}},"line":32},"4":{"name":"(anonymous_4)","decl":{"start":{"line":86,"column":41},"end":{"line":86,"column":42}},"loc":{"start":{"line":87,"column":14},"end":{"line":89,"column":21}},"line":87},"5":{"name":"(anonymous_5)","decl":{"start":{"line":97,"column":49},"end":{"line":97,"column":50}},"loc":{"start":{"line":98,"column":14},"end":{"line":108,"column":21}},"line":98},"6":{"name":"(anonymous_6)","decl":{"start":{"line":127,"column":21},"end":{"line":127,"column":22}},"loc":{"start":{"line":127,"column":28},"end":{"line":130,"column":13}},"line":127},"7":{"name":"(anonymous_7)","decl":{"start":{"line":144,"column":21},"end":{"line":144,"column":22}},"loc":{"start":{"line":144,"column":47},"end":{"line":280,"column":2}},"line":144}},"branchMap":{"0":{"loc":{"start":{"line":20,"column":35},"end":{"line":20,"column":55}},"type":"default-arg","locations":[{"start":{"line":20,"column":51},"end":{"line":20,"column":55}}],"line":20},"1":{"loc":{"start":{"line":25,"column":22},"end":{"line":27,"column":10}},"type":"cond-expr","locations":[{"start":{"line":26,"column":6},"end":{"line":26,"column":46}},{"start":{"line":27,"column":6},"end":{"line":27,"column":10}}],"line":25},"2":{"loc":{"start":{"line":34,"column":6},"end":{"line":36,"column":7}},"type":"if","locations":[{"start":{"line":34,"column":6},"end":{"line":36,"column":7}},{"start":{},"end":{}}],"line":34},"3":{"loc":{"start":{"line":49,"column":9},"end":{"line":66,"column":9}},"type":"cond-expr","locations":[{"start":{"line":50,"column":10},"end":{"line":60,"column":13}},{"start":{"line":62,"column":10},"end":{"line":65,"column":17}}],"line":49},"4":{"loc":{"start":{"line":69,"column":9},"end":{"line":73,"column":9}},"type":"binary-expr","locations":[{"start":{"line":69,"column":9},"end":{"line":69,"column":20}},{"start":{"line":70,"column":10},"end":{"line":72,"column":17}}],"line":69},"5":{"loc":{"start":{"line":84,"column":9},"end":{"line":92,"column":9}},"type":"binary-expr","locations":[{"start":{"line":84,"column":9},"end":{"line":84,"column":20}},{"start":{"line":84,"column":24},"end":{"line":84,"column":46}},{"start":{"line":85,"column":10},"end":{"line":91,"column":17}}],"line":84},"6":{"loc":{"start":{"line":95,"column":9},"end":{"line":114,"column":9}},"type":"binary-expr","locations":[{"start":{"line":95,"column":9},"end":{"line":95,"column":39}},{"start":{"line":96,"column":10},"end":{"line":113,"column":17}}],"line":95},"7":{"loc":{"start":{"line":110,"column":13},"end":{"line":112,"column":13}},"type":"binary-expr","locations":[{"start":{"line":110,"column":13},"end":{"line":110,"column":43}},{"start":{"line":111,"column":14},"end":{"line":111,"column":88}}],"line":110},"8":{"loc":{"start":{"line":117,"column":9},"end":{"line":121,"column":9}},"type":"binary-expr","locations":[{"start":{"line":117,"column":9},"end":{"line":117,"column":21}},{"start":{"line":118,"column":10},"end":{"line":120,"column":17}}],"line":117},"9":{"loc":{"start":{"line":124,"column":9},"end":{"line":138,"column":9}},"type":"binary-expr","locations":[{"start":{"line":124,"column":9},"end":{"line":124,"column":22}},{"start":{"line":124,"column":26},"end":{"line":124,"column":40}},{"start":{"line":125,"column":10},"end":{"line":137,"column":29}}],"line":124}},"s":{"0":0,"1":0,"2":0,"3":0,"4":0,"5":0,"6":0,"7":0,"8":0,"9":0,"10":0,"11":0,"12":0,"13":0,"14":0,"15":0,"16":0,"17":0},"f":{"0":0,"1":0,"2":0,"3":0,"4":0,"5":0,"6":0,"7":0},"b":{"0":[0],"1":[0,0],"2":[0,0],"3":[0,0],"4":[0,0],"5":[0,0,0],"6":[0,0],"7":[0,0],"8":[0,0],"9":[0,0,0]}}
,"/Users/marcel/Projects/gamedb/mobile/components/game/Platforms.tsx": {"path":"/Users/marcel/Projects/gamedb/mobile/components/game/Platforms.tsx","statementMap":{"0":{"start":{"line":35,"column":64},"end":{"line":61,"column":1}},"1":{"start":{"line":73,"column":85},"end":{"line":109,"column":1}},"2":{"start":{"line":112,"column":36},"end":{"line":120,"column":1}},"3":{"start":{"line":113,"column":2},"end":{"line":119,"column":3}},"4":{"start":{"line":114,"column":40},"end":{"line":114,"column":57}},"5":{"start":{"line":115,"column":36},"end":{"line":115,"column":53}},"6":{"start":{"line":116,"column":41},"end":{"line":116,"column":58}},"7":{"start":{"line":117,"column":36},"end":{"line":117,"column":53}},"8":{"start":{"line":118,"column":13},"end":{"line":118,"column":30}},"9":{"start":{"line":123,"column":32},"end":{"line":125,"column":1}},"10":{"start":{"line":124,"column":2},"end":{"line":124,"column":64}},"11":{"start":{"line":127,"column":31},"end":{"line":129,"column":1}},"12":{"start":{"line":128,"column":2},"end":{"line":128,"column":90}},"13":{"start":{"line":128,"column":49},"end":{"line":128,"column":70}},"14":{"start":{"line":131,"column":42},"end":{"line":136,"column":1}},"15":{"start":{"line":132,"column":2},"end":{"line":135,"column":6}},"16":{"start":{"line":132,"column":85},"end":{"line":135,"column":3}},"17":{"start":{"line":145,"column":32},"end":{"line":181,"column":1}},"18":{"start":{"line":146,"column":15},"end":{"line":146,"column":64}},"19":{"start":{"line":149,"column":2},"end":{"line":151,"column":3}},"20":{"start":{"line":150,"column":4},"end":{"line":150,"column":21}},"21":{"start":{"line":154,"column":2},"end":{"line":157,"column":3}},"22":{"start":{"line":156,"column":4},"end":{"line":156,"column":21}},"23":{"start":{"line":160,"column":2},"end":{"line":162,"column":3}},"24":{"start":{"line":161,"column":4},"end":{"line":161,"column":21}},"25":{"start":{"line":165,"column":2},"end":{"line":167,"column":3}},"26":{"start":{"line":166,"column":4},"end":{"line":166,"column":21}},"27":{"start":{"line":170,"column":2},"end":{"line":172,"column":3}},"28":{"start":{"line":171,"column":4},"end":{"line":171,"column":21}},"29":{"start":{"line":175,"column":2},"end":{"line":177,"column":3}},"30":{"start":{"line":176,"column":4},"end":{"line":176,"column":21}},"31":{"start":{"line":180,"column":2},"end":{"line":180,"column":19}},"32":{"start":{"line":184,"column":37},"end":{"line":204,"column":1}},"33":{"start":{"line":185,"column":15},"end":{"line":185,"column":41}},"34":{"start":{"line":188,"column":2},"end":{"line":190,"column":3}},"35":{"start":{"line":189,"column":4},"end":{"line":189,"column":28}},"36":{"start":{"line":193,"column":2},"end":{"line":195,"column":3}},"37":{"start":{"line":194,"column":4},"end":{"line":194,"column":17}},"38":{"start":{"line":198,"column":2},"end":{"line":200,"column":3}},"39":{"start":{"line":199,"column":4},"end":{"line":199,"column":21}},"40":{"start":{"line":203,"column":2},"end":{"line":203,"column":22}},"41":{"start":{"line":207,"column":36},"end":{"line":254,"column":1}},"42":{"start":{"line":208,"column":15},"end":{"line":208,"column":64}},"43":{"start":{"line":211,"column":2},"end":{"line":211,"column":51}},"44":{"start":{"line":211,"column":38},"end":{"line":211,"column":51}},"45":{"start":{"line":212,"column":2},"end":{"line":212,"column":51}},"46":{"start":{"line":212,"column":38},"end":{"line":212,"column":51}},"47":{"start":{"line":213,"column":2},"end":{"line":213,"column":51}},"48":{"start":{"line":213,"column":38},"end":{"line":213,"column":51}},"49":{"start":{"line":214,"column":2},"end":{"line":214,"column":51}},"50":{"start":{"line":214,"column":38},"end":{"line":214,"column":51}},"51":{"start":{"line":215,"column":2},"end":{"line":215,"column":77}},"52":{"start":{"line":215,"column":64},"end":{"line":215,"column":77}},"53":{"start":{"line":216,"column":2},"end":{"line":216,"column":46}},"54":{"start":{"line":216,"column":32},"end":{"line":216,"column":46}},"55":{"start":{"line":219,"column":2},"end":{"line":219,"column":49}},"56":{"start":{"line":219,"column":36},"end":{"line":219,"column":49}},"57":{"start":{"line":220,"column":2},"end":{"line":220,"column":46}},"58":{"start":{"line":220,"column":33},"end":{"line":220,"column":46}},"59":{"start":{"line":221,"column":2},"end":{"line":221,"column":46}},"60":{"start":{"line":221,"column":33},"end":{"line":221,"column":46}},"61":{"start":{"line":222,"column":2},"end":{"line":222,"column":41}},"62":{"start":{"line":222,"column":29},"end":{"line":222,"column":41}},"63":{"start":{"line":225,"column":2},"end":{"line":225,"column":44}},"64":{"start":{"line":225,"column":31},"end":{"line":225,"column":44}},"65":{"start":{"line":226,"column":2},"end":{"line":226,"column":44}},"66":{"start":{"line":226,"column":30},"end":{"line":226,"column":44}},"67":{"start":{"line":227,"column":2},"end":{"line":227,"column":64}},"68":{"start":{"line":227,"column":51},"end":{"line":227,"column":64}},"69":{"start":{"line":228,"column":2},"end":{"line":228,"column":46}},"70":{"start":{"line":228,"column":33},"end":{"line":228,"column":46}},"71":{"start":{"line":229,"column":2},"end":{"line":229,"column":80}},"72":{"start":{"line":229,"column":66},"end":{"line":229,"column":80}},"73":{"start":{"line":230,"column":2},"end":{"line":230,"column":41}},"74":{"start":{"line":230,"column":28},"end":{"line":230,"column":41}},"75":{"start":{"line":233,"column":2},"end":{"line":233,"column":46}},"76":{"start":{"line":233,"column":34},"end":{"line":233,"column":46}},"77":{"start":{"line":234,"column":2},"end":{"line":234,"column":76}},"78":{"start":{"line":234,"column":63},"end":{"line":234,"column":76}},"79":{"start":{"line":235,"column":2},"end":{"line":235,"column":44}},"80":{"start":{"line":235,"column":31},"end":{"line":235,"column":44}},"81":{"start":{"line":238,"column":2},"end":{"line":238,"column":73}},"82":{"start":{"line":238,"column":60},"end":{"line":238,"column":73}},"83":{"start":{"line":239,"column":2},"end":{"line":239,"column":112}},"84":{"start":{"line":239,"column":98},"end":{"line":239,"column":112}},"85":{"start":{"line":240,"column":2},"end":{"line":240,"column":116}},"86":{"start":{"line":240,"column":103},"end":{"line":240,"column":116}},"87":{"start":{"line":241,"column":2},"end":{"line":241,"column":78}},"88":{"start":{"line":241,"column":65},"end":{"line":241,"column":78}},"89":{"start":{"line":242,"column":2},"end":{"line":242,"column":76}},"90":{"start":{"line":242,"column":63},"end":{"line":242,"column":76}},"91":{"start":{"line":243,"column":2},"end":{"line":243,"column":68}},"92":{"start":{"line":243,"column":56},"end":{"line":243,"column":68}},"93":{"start":{"line":246,"column":2},"end":{"line":246,"column":39}},"94":{"start":{"line":246,"column":27},"end":{"line":246,"column":39}},"95":{"start":{"line":249,"column":2},"end":{"line":249,"column":44}},"96":{"start":{"line":249,"column":30},"end":{"line":249,"column":44}},"97":{"start":{"line":250,"column":2},"end":{"line":250,"column":44}},"98":{"start":{"line":250,"column":32},"end":{"line":250,"column":44}},"99":{"start":{"line":253,"column":2},"end":{"line":253,"column":52}}},"fnMap":{"0":{"name":"(anonymous_0)","decl":{"start":{"line":112,"column":36},"end":{"line":112,"column":37}},"loc":{"start":{"line":112,"column":84},"end":{"line":120,"column":1}},"line":112},"1":{"name":"(anonymous_1)","decl":{"start":{"line":123,"column":32},"end":{"line":123,"column":33}},"loc":{"start":{"line":123,"column":68},"end":{"line":125,"column":1}},"line":123},"2":{"name":"(anonymous_2)","decl":{"start":{"line":127,"column":31},"end":{"line":127,"column":32}},"loc":{"start":{"line":127,"column":53},"end":{"line":129,"column":1}},"line":127},"3":{"name":"(anonymous_3)","decl":{"start":{"line":128,"column":44},"end":{"line":128,"column":45}},"loc":{"start":{"line":128,"column":49},"end":{"line":128,"column":70}},"line":128},"4":{"name":"(anonymous_4)","decl":{"start":{"line":131,"column":42},"end":{"line":131,"column":43}},"loc":{"start":{"line":131,"column":120},"end":{"line":136,"column":1}},"line":131},"5":{"name":"(anonymous_5)","decl":{"start":{"line":132,"column":53},"end":{"line":132,"column":54}},"loc":{"start":{"line":132,"column":85},"end":{"line":135,"column":3}},"line":132},"6":{"name":"(anonymous_6)","decl":{"start":{"line":145,"column":32},"end":{"line":145,"column":33}},"loc":{"start":{"line":145,"column":66},"end":{"line":181,"column":1}},"line":145},"7":{"name":"(anonymous_7)","decl":{"start":{"line":184,"column":37},"end":{"line":184,"column":38}},"loc":{"start":{"line":184,"column":71},"end":{"line":204,"column":1}},"line":184},"8":{"name":"(anonymous_8)","decl":{"start":{"line":207,"column":36},"end":{"line":207,"column":37}},"loc":{"start":{"line":207,"column":70},"end":{"line":254,"column":1}},"line":207}},"branchMap":{"0":{"loc":{"start":{"line":113,"column":2},"end":{"line":119,"column":3}},"type":"switch","locations":[{"start":{"line":114,"column":4},"end":{"line":114,"column":57}},{"start":{"line":115,"column":4},"end":{"line":115,"column":53}},{"start":{"line":116,"column":4},"end":{"line":116,"column":58}},{"start":{"line":117,"column":4},"end":{"line":117,"column":53}},{"start":{"line":118,"column":4},"end":{"line":118,"column":30}}],"line":113},"1":{"loc":{"start":{"line":124,"column":9},"end":{"line":124,"column":63}},"type":"binary-expr","locations":[{"start":{"line":124,"column":9},"end":{"line":124,"column":37}},{"start":{"line":124,"column":41},"end":{"line":124,"column":63}}],"line":124},"2":{"loc":{"start":{"line":149,"column":2},"end":{"line":151,"column":3}},"type":"if","locations":[{"start":{"line":149,"column":2},"end":{"line":151,"column":3}},{"start":{},"end":{}}],"line":149},"3":{"loc":{"start":{"line":149,"column":6},"end":{"line":149,"column":90}},"type":"binary-expr","locations":[{"start":{"line":149,"column":6},"end":{"line":149,"column":34}},{"start":{"line":149,"column":38},"end":{"line":149,"column":62}},{"start":{"line":149,"column":66},"end":{"line":149,"column":90}}],"line":149},"4":{"loc":{"start":{"line":154,"column":2},"end":{"line":157,"column":3}},"type":"if","locations":[{"start":{"line":154,"column":2},"end":{"line":157,"column":3}},{"start":{},"end":{}}],"line":154},"5":{"loc":{"start":{"line":154,"column":6},"end":{"line":155,"column":113}},"type":"binary-expr","locations":[{"start":{"line":154,"column":6},"end":{"line":154,"column":31}},{"start":{"line":154,"column":35},"end":{"line":154,"column":58}},{"start":{"line":154,"column":62},"end":{"line":154,"column":82}},{"start":{"line":155,"column":6},"end":{"line":155,"column":31}},{"start":{"line":155,"column":37},"end":{"line":155,"column":57}},{"start":{"line":155,"column":61},"end":{"line":155,"column":82}},{"start":{"line":155,"column":87},"end":{"line":155,"column":112}}],"line":154},"6":{"loc":{"start":{"line":160,"column":2},"end":{"line":162,"column":3}},"type":"if","locations":[{"start":{"line":160,"column":2},"end":{"line":162,"column":3}},{"start":{},"end":{}}],"line":160},"7":{"loc":{"start":{"line":165,"column":2},"end":{"line":167,"column":3}},"type":"if","locations":[{"start":{"line":165,"column":2},"end":{"line":167,"column":3}},{"start":{},"end":{}}],"line":165},"8":{"loc":{"start":{"line":165,"column":6},"end":{"line":165,"column":112}},"type":"binary-expr","locations":[{"start":{"line":165,"column":6},"end":{"line":165,"column":27}},{"start":{"line":165,"column":31},"end":{"line":165,"column":57}},{"start":{"line":165,"column":61},"end":{"line":165,"column":85}},{"start":{"line":165,"column":89},"end":{"line":165,"column":112}}],"line":165},"9":{"loc":{"start":{"line":170,"column":2},"end":{"line":172,"column":3}},"type":"if","locations":[{"start":{"line":170,"column":2},"end":{"line":172,"column":3}},{"start":{},"end":{}}],"line":170},"10":{"loc":{"start":{"line":175,"column":2},"end":{"line":177,"column":3}},"type":"if","locations":[{"start":{"line":175,"column":2},"end":{"line":177,"column":3}},{"start":{},"end":{}}],"line":175},"11":{"loc":{"start":{"line":188,"column":2},"end":{"line":190,"column":3}},"type":"if","locations":[{"start":{"line":188,"column":2},"end":{"line":190,"column":3}},{"start":{},"end":{}}],"line":188},"12":{"loc":{"start":{"line":188,"column":6},"end":{"line":188,"column":96}},"type":"binary-expr","locations":[{"start":{"line":188,"column":6},"end":{"line":188,"column":37}},{"start":{"line":188,"column":41},"end":{"line":188,"column":71}},{"start":{"line":188,"column":75},"end":{"line":188,"column":96}}],"line":188},"13":{"loc":{"start":{"line":193,"column":2},"end":{"line":195,"column":3}},"type":"if","locations":[{"start":{"line":193,"column":2},"end":{"line":195,"column":3}},{"start":{},"end":{}}],"line":193},"14":{"loc":{"start":{"line":193,"column":6},"end":{"line":193,"column":123}},"type":"binary-expr","locations":[{"start":{"line":193,"column":7},"end":{"line":193,"column":21}},{"start":{"line":193,"column":25},"end":{"line":193,"column":71}},{"start":{"line":193,"column":75},"end":{"line":193,"column":93}},{"start":{"line":193,"column":98},"end":{"line":193,"column":123}}],"line":193},"15":{"loc":{"start":{"line":198,"column":2},"end":{"line":200,"column":3}},"type":"if","locations":[{"start":{"line":198,"column":2},"end":{"line":200,"column":3}},{"start":{},"end":{}}],"line":198},"16":{"loc":{"start":{"line":198,"column":6},"end":{"line":198,"column":61}},"type":"binary-expr","locations":[{"start":{"line":198,"column":6},"end":{"line":198,"column":30}},{"start":{"line":198,"column":34},"end":{"line":198,"column":61}}],"line":198},"17":{"loc":{"start":{"line":211,"column":2},"end":{"line":211,"column":51}},"type":"if","locations":[{"start":{"line":211,"column":2},"end":{"line":211,"column":51}},{"start":{},"end":{}}],"line":211},"18":{"loc":{"start":{"line":212,"column":2},"end":{"line":212,"column":51}},"type":"if","locations":[{"start":{"line":212,"column":2},"end":{"line":212,"column":51}},{"start":{},"end":{}}],"line":212},"19":{"loc":{"start":{"line":213,"column":2},"end":{"line":213,"column":51}},"type":"if","locations":[{"start":{"line":213,"column":2},"end":{"line":213,"column":51}},{"start":{},"end":{}}],"line":213},"20":{"loc":{"start":{"line":214,"column":2},"end":{"line":214,"column":51}},"type":"if","locations":[{"start":{"line":214,"column":2},"end":{"line":214,"column":51}},{"start":{},"end":{}}],"line":214},"21":{"loc":{"start":{"line":215,"column":2},"end":{"line":215,"column":77}},"type":"if","locations":[{"start":{"line":215,"column":2},"end":{"line":215,"column":77}},{"start":{},"end":{}}],"line":215},"22":{"loc":{"start":{"line":215,"column":6},"end":{"line":215,"column":62}},"type":"binary-expr","locations":[{"start":{"line":215,"column":6},"end":{"line":215,"column":28}},{"start":{"line":215,"column":32},"end":{"line":215,"column":62}}],"line":215},"23":{"loc":{"start":{"line":216,"column":2},"end":{"line":216,"column":46}},"type":"if","locations":[{"start":{"line":216,"column":2},"end":{"line":216,"column":46}},{"start":{},"end":{}}],"line":216},"24":{"loc":{"start":{"line":219,"column":2},"end":{"line":219,"column":49}},"type":"if","locations":[{"start":{"line":219,"column":2},"end":{"line":219,"column":49}},{"start":{},"end":{}}],"line":219},"25":{"loc":{"start":{"line":220,"column":2},"end":{"line":220,"column":46}},"type":"if","locations":[{"start":{"line":220,"column":2},"end":{"line":220,"column":46}},{"start":{},"end":{}}],"line":220},"26":{"loc":{"start":{"line":221,"column":2},"end":{"line":221,"column":46}},"type":"if","locations":[{"start":{"line":221,"column":2},"end":{"line":221,"column":46}},{"start":{},"end":{}}],"line":221},"27":{"loc":{"start":{"line":222,"column":2},"end":{"line":222,"column":41}},"type":"if","locations":[{"start":{"line":222,"column":2},"end":{"line":222,"column":41}},{"start":{},"end":{}}],"line":222},"28":{"loc":{"start":{"line":225,"column":2},"end":{"line":225,"column":44}},"type":"if","locations":[{"start":{"line":225,"column":2},"end":{"line":225,"column":44}},{"start":{},"end":{}}],"line":225},"29":{"loc":{"start":{"line":226,"column":2},"end":{"line":226,"column":44}},"type":"if","locations":[{"start":{"line":226,"column":2},"end":{"line":226,"column":44}},{"start":{},"end":{}}],"line":226},"30":{"loc":{"start":{"line":227,"column":2},"end":{"line":227,"column":64}},"type":"if","locations":[{"start":{"line":227,"column":2},"end":{"line":227,"column":64}},{"start":{},"end":{}}],"line":227},"31":{"loc":{"start":{"line":227,"column":6},"end":{"line":227,"column":49}},"type":"binary-expr","locations":[{"start":{"line":227,"column":6},"end":{"line":227,"column":26}},{"start":{"line":227,"column":30},"end":{"line":227,"column":49}}],"line":227},"32":{"loc":{"start":{"line":228,"column":2},"end":{"line":228,"column":46}},"type":"if","locations":[{"start":{"line":228,"column":2},"end":{"line":228,"column":46}},{"start":{},"end":{}}],"line":228},"33":{"loc":{"start":{"line":229,"column":2},"end":{"line":229,"column":80}},"type":"if","locations":[{"start":{"line":229,"column":2},"end":{"line":229,"column":80}},{"start":{},"end":{}}],"line":229},"34":{"loc":{"start":{"line":229,"column":6},"end":{"line":229,"column":64}},"type":"binary-expr","locations":[{"start":{"line":229,"column":6},"end":{"line":229,"column":39}},{"start":{"line":229,"column":43},"end":{"line":229,"column":64}}],"line":229},"35":{"loc":{"start":{"line":230,"column":2},"end":{"line":230,"column":41}},"type":"if","locations":[{"start":{"line":230,"column":2},"end":{"line":230,"column":41}},{"start":{},"end":{}}],"line":230},"36":{"loc":{"start":{"line":233,"column":2},"end":{"line":233,"column":46}},"type":"if","locations":[{"start":{"line":233,"column":2},"end":{"line":233,"column":46}},{"start":{},"end":{}}],"line":233},"37":{"loc":{"start":{"line":234,"column":2},"end":{"line":234,"column":76}},"type":"if","locations":[{"start":{"line":234,"column":2},"end":{"line":234,"column":76}},{"start":{},"end":{}}],"line":234},"38":{"loc":{"start":{"line":234,"column":6},"end":{"line":234,"column":61}},"type":"binary-expr","locations":[{"start":{"line":234,"column":6},"end":{"line":234,"column":30}},{"start":{"line":234,"column":34},"end":{"line":234,"column":61}}],"line":234},"39":{"loc":{"start":{"line":235,"column":2},"end":{"line":235,"column":44}},"type":"if","locations":[{"start":{"line":235,"column":2},"end":{"line":235,"column":44}},{"start":{},"end":{}}],"line":235},"40":{"loc":{"start":{"line":238,"column":2},"end":{"line":238,"column":73}},"type":"if","locations":[{"start":{"line":238,"column":2},"end":{"line":238,"column":73}},{"start":{},"end":{}}],"line":238},"41":{"loc":{"start":{"line":238,"column":6},"end":{"line":238,"column":58}},"type":"binary-expr","locations":[{"start":{"line":238,"column":6},"end":{"line":238,"column":34}},{"start":{"line":238,"column":38},"end":{"line":238,"column":58}}],"line":238},"42":{"loc":{"start":{"line":239,"column":2},"end":{"line":239,"column":112}},"type":"if","locations":[{"start":{"line":239,"column":2},"end":{"line":239,"column":112}},{"start":{},"end":{}}],"line":239},"43":{"loc":{"start":{"line":239,"column":6},"end":{"line":239,"column":96}},"type":"binary-expr","locations":[{"start":{"line":239,"column":6},"end":{"line":239,"column":37}},{"start":{"line":239,"column":41},"end":{"line":239,"column":62}},{"start":{"line":239,"column":66},"end":{"line":239,"column":96}}],"line":239},"44":{"loc":{"start":{"line":240,"column":2},"end":{"line":240,"column":116}},"type":"if","locations":[{"start":{"line":240,"column":2},"end":{"line":240,"column":116}},{"start":{},"end":{}}],"line":240},"45":{"loc":{"start":{"line":240,"column":6},"end":{"line":240,"column":101}},"type":"binary-expr","locations":[{"start":{"line":240,"column":7},"end":{"line":240,"column":21}},{"start":{"line":240,"column":25},"end":{"line":240,"column":71}},{"start":{"line":240,"column":76},"end":{"line":240,"column":101}}],"line":240},"46":{"loc":{"start":{"line":241,"column":2},"end":{"line":241,"column":78}},"type":"if","locations":[{"start":{"line":241,"column":2},"end":{"line":241,"column":78}},{"start":{},"end":{}}],"line":241},"47":{"loc":{"start":{"line":241,"column":6},"end":{"line":241,"column":63}},"type":"binary-expr","locations":[{"start":{"line":241,"column":6},"end":{"line":241,"column":39}},{"start":{"line":241,"column":43},"end":{"line":241,"column":63}}],"line":241},"48":{"loc":{"start":{"line":242,"column":2},"end":{"line":242,"column":76}},"type":"if","locations":[{"start":{"line":242,"column":2},"end":{"line":242,"column":76}},{"start":{},"end":{}}],"line":242},"49":{"loc":{"start":{"line":242,"column":6},"end":{"line":242,"column":61}},"type":"binary-expr","locations":[{"start":{"line":242,"column":6},"end":{"line":242,"column":37}},{"start":{"line":242,"column":41},"end":{"line":242,"column":61}}],"line":242},"50":{"loc":{"start":{"line":243,"column":2},"end":{"line":243,"column":68}},"type":"if","locations":[{"start":{"line":243,"column":2},"end":{"line":243,"column":68}},{"start":{},"end":{}}],"line":243},"51":{"loc":{"start":{"line":243,"column":6},"end":{"line":243,"column":54}},"type":"binary-expr","locations":[{"start":{"line":243,"column":6},"end":{"line":243,"column":31}},{"start":{"line":243,"column":35},"end":{"line":243,"column":54}}],"line":243},"52":{"loc":{"start":{"line":246,"column":2},"end":{"line":246,"column":39}},"type":"if","locations":[{"start":{"line":246,"column":2},"end":{"line":246,"column":39}},{"start":{},"end":{}}],"line":246},"53":{"loc":{"start":{"line":249,"column":2},"end":{"line":249,"column":44}},"type":"if","locations":[{"start":{"line":249,"column":2},"end":{"line":249,"column":44}},{"start":{},"end":{}}],"line":249},"54":{"loc":{"start":{"line":250,"column":2},"end":{"line":250,"column":44}},"type":"if","locations":[{"start":{"line":250,"column":2},"end":{"line":250,"column":44}},{"start":{},"end":{}}],"line":250}},"s":{"0":4,"1":4,"2":4,"3":5,"4":1,"5":1,"6":1,"7":1,"8":1,"9":4,"10":4,"11":4,"12":3,"13":150,"14":4,"15":2,"16":10,"17":4,"18":51,"19":51,"20":3,"21":48,"22":36,"23":12,"24":2,"25":10,"26":2,"27":8,"28":0,"29":8,"30":0,"31":8,"32":4,"33":172,"34":172,"35":30,"36":142,"37":30,"38":112,"39":4,"40":108,"41":4,"42":61,"43":61,"44":1,"45":60,"46":1,"47":59,"48":1,"49":58,"50":1,"51":57,"52":1,"53":56,"54":0,"55":56,"56":1,"57":55,"58":1,"59":54,"60":1,"61":53,"62":0,"63":53,"64":1,"65":52,"66":1,"67":51,"68":1,"69":50,"70":7,"71":43,"72":0,"73":43,"74":1,"75":42,"76":1,"77":41,"78":1,"79":40,"80":1,"81":39,"82":9,"83":30,"84":9,"85":21,"86":10,"87":11,"88":9,"89":2,"90":1,"91":1,"92":1,"93":0,"94":0,"95":0,"96":0,"97":0,"98":0,"99":0},"f":{"0":5,"1":4,"2":3,"3":150,"4":2,"5":10,"6":51,"7":172,"8":61},"b":{"0":[1,1,1,1,1],"1":[4,1],"2":[3,48],"3":[51,50,49],"4":[36,12],"5":[48,30,30,30,21,11,10],"6":[2,10],"7":[2,8],"8":[10,10,9,8],"9":[0,8],"10":[0,8],"11":[30,142],"12":[172,170,169],"13":[30,112],"14":[142,113,113,30],"15":[4,108],"16":[112,109],"17":[1,60],"18":[1,59],"19":[1,58],"20":[1,57],"21":[1,56],"22":[57,56],"23":[0,56],"24":[1,55],"25":[1,54],"26":[1,53],"27":[0,53],"28":[1,52],"29":[1,51],"30":[1,50],"31":[51,1],"32":[7,43],"33":[0,43],"34":[43,43],"35":[1,42],"36":[1,41],"37":[1,40],"38":[41,40],"39":[1,39],"40":[9,30],"41":[39,30],"42":[9,21],"43":[30,21,21],"44":[10,11],"45":[21,11,10],"46":[9,2],"47":[11,2],"48":[1,1],"49":[2,1],"50":[1,0],"51":[1,0],"52":[0,0],"53":[0,0],"54":[0,0]},"_coverageSchema":"1a1c01bbd47fc00a2c39e90264f33305004495a9","hash":"599f4cd29ac9b3716bfd064b1abbdf8eafeb7f61"}
,"/Users/marcel/Projects/gamedb/mobile/components/icons/PlatformIcon.tsx": {"path":"/Users/marcel/Projects/gamedb/mobile/components/icons/PlatformIcon.tsx","statementMap":{"0":{"start":{"line":25,"column":53},"end":{"line":55,"column":1}},"1":{"start":{"line":64,"column":18},"end":{"line":64,"column":46}},"2":{"start":{"line":65,"column":18},"end":{"line":65,"column":40}},"3":{"start":{"line":68,"column":2},"end":{"line":70,"column":3}},"4":{"start":{"line":69,"column":4},"end":{"line":69,"column":63}},"5":{"start":{"line":73,"column":2},"end":{"line":79,"column":4}},"6":{"start":{"line":84,"column":15},"end":{"line":84,"column":41}},"7":{"start":{"line":87,"column":2},"end":{"line":87,"column":51}},"8":{"start":{"line":87,"column":38},"end":{"line":87,"column":51}},"9":{"start":{"line":88,"column":2},"end":{"line":88,"column":51}},"10":{"start":{"line":88,"column":38},"end":{"line":88,"column":51}},"11":{"start":{"line":89,"column":2},"end":{"line":89,"column":51}},"12":{"start":{"line":89,"column":38},"end":{"line":89,"column":51}},"13":{"start":{"line":90,"column":2},"end":{"line":90,"column":51}},"14":{"start":{"line":90,"column":38},"end":{"line":90,"column":51}},"15":{"start":{"line":91,"column":2},"end":{"line":91,"column":77}},"16":{"start":{"line":91,"column":64},"end":{"line":91,"column":77}},"17":{"start":{"line":92,"column":2},"end":{"line":92,"column":46}},"18":{"start":{"line":92,"column":32},"end":{"line":92,"column":46}},"19":{"start":{"line":95,"column":2},"end":{"line":95,"column":56}},"20":{"start":{"line":95,"column":36},"end":{"line":95,"column":56}},"21":{"start":{"line":96,"column":2},"end":{"line":96,"column":50}},"22":{"start":{"line":96,"column":33},"end":{"line":96,"column":50}},"23":{"start":{"line":97,"column":2},"end":{"line":97,"column":50}},"24":{"start":{"line":97,"column":33},"end":{"line":97,"column":50}},"25":{"start":{"line":98,"column":2},"end":{"line":98,"column":43}},"26":{"start":{"line":98,"column":29},"end":{"line":98,"column":43}},"27":{"start":{"line":101,"column":2},"end":{"line":101,"column":47}},"28":{"start":{"line":101,"column":31},"end":{"line":101,"column":47}},"29":{"start":{"line":102,"column":2},"end":{"line":102,"column":44}},"30":{"start":{"line":102,"column":30},"end":{"line":102,"column":44}},"31":{"start":{"line":103,"column":2},"end":{"line":103,"column":64}},"32":{"start":{"line":103,"column":51},"end":{"line":103,"column":64}},"33":{"start":{"line":104,"column":2},"end":{"line":104,"column":80}},"34":{"start":{"line":104,"column":66},"end":{"line":104,"column":80}},"35":{"start":{"line":105,"column":2},"end":{"line":105,"column":41}},"36":{"start":{"line":105,"column":28},"end":{"line":105,"column":41}},"37":{"start":{"line":106,"column":2},"end":{"line":106,"column":45}},"38":{"start":{"line":106,"column":33},"end":{"line":106,"column":45}},"39":{"start":{"line":109,"column":2},"end":{"line":109,"column":73}},"40":{"start":{"line":109,"column":60},"end":{"line":109,"column":73}},"41":{"start":{"line":110,"column":2},"end":{"line":110,"column":112}},"42":{"start":{"line":110,"column":98},"end":{"line":110,"column":112}},"43":{"start":{"line":111,"column":2},"end":{"line":111,"column":92}},"44":{"start":{"line":111,"column":79},"end":{"line":111,"column":92}},"45":{"start":{"line":112,"column":2},"end":{"line":112,"column":78}},"46":{"start":{"line":112,"column":65},"end":{"line":112,"column":78}},"47":{"start":{"line":113,"column":2},"end":{"line":113,"column":76}},"48":{"start":{"line":113,"column":63},"end":{"line":113,"column":76}},"49":{"start":{"line":114,"column":2},"end":{"line":114,"column":68}},"50":{"start":{"line":114,"column":56},"end":{"line":114,"column":68}},"51":{"start":{"line":117,"column":2},"end":{"line":117,"column":53}},"52":{"start":{"line":117,"column":34},"end":{"line":117,"column":53}},"53":{"start":{"line":118,"column":2},"end":{"line":118,"column":80}},"54":{"start":{"line":118,"column":63},"end":{"line":118,"column":80}},"55":{"start":{"line":119,"column":2},"end":{"line":119,"column":47}},"56":{"start":{"line":119,"column":31},"end":{"line":119,"column":47}},"57":{"start":{"line":122,"column":2},"end":{"line":122,"column":39}},"58":{"start":{"line":122,"column":27},"end":{"line":122,"column":39}},"59":{"start":{"line":125,"column":2},"end":{"line":125,"column":45}},"60":{"start":{"line":125,"column":30},"end":{"line":125,"column":45}},"61":{"start":{"line":126,"column":2},"end":{"line":126,"column":48}},"62":{"start":{"line":126,"column":32},"end":{"line":126,"column":48}},"63":{"start":{"line":129,"column":2},"end":{"line":129,"column":19}}},"fnMap":{"0":{"name":"PlatformIcon","decl":{"start":{"line":63,"column":16},"end":{"line":63,"column":28}},"loc":{"start":{"line":63,"column":92},"end":{"line":80,"column":1}},"line":63},"1":{"name":"getPlatformIconKey","decl":{"start":{"line":83,"column":9},"end":{"line":83,"column":27}},"loc":{"start":{"line":83,"column":58},"end":{"line":130,"column":1}},"line":83}},"branchMap":{"0":{"loc":{"start":{"line":63,"column":41},"end":{"line":63,"column":50}},"type":"default-arg","locations":[{"start":{"line":63,"column":48},"end":{"line":63,"column":50}}],"line":63},"1":{"loc":{"start":{"line":63,"column":52},"end":{"line":63,"column":69}},"type":"default-arg","locations":[{"start":{"line":63,"column":60},"end":{"line":63,"column":69}}],"line":63},"2":{"loc":{"start":{"line":68,"column":2},"end":{"line":70,"column":3}},"type":"if","locations":[{"start":{"line":68,"column":2},"end":{"line":70,"column":3}},{"start":{},"end":{}}],"line":68},"3":{"loc":{"start":{"line":87,"column":2},"end":{"line":87,"column":51}},"type":"if","locations":[{"start":{"line":87,"column":2},"end":{"line":87,"column":51}},{"start":{},"end":{}}],"line":87},"4":{"loc":{"start":{"line":88,"column":2},"end":{"line":88,"column":51}},"type":"if","locations":[{"start":{"line":88,"column":2},"end":{"line":88,"column":51}},{"start":{},"end":{}}],"line":88},"5":{"loc":{"start":{"line":89,"column":2},"end":{"line":89,"column":51}},"type":"if","locations":[{"start":{"line":89,"column":2},"end":{"line":89,"column":51}},{"start":{},"end":{}}],"line":89},"6":{"loc":{"start":{"line":90,"column":2},"end":{"line":90,"column":51}},"type":"if","locations":[{"start":{"line":90,"column":2},"end":{"line":90,"column":51}},{"start":{},"end":{}}],"line":90},"7":{"loc":{"start":{"line":91,"column":2},"end":{"line":91,"column":77}},"type":"if","locations":[{"start":{"line":91,"column":2},"end":{"line":91,"column":77}},{"start":{},"end":{}}],"line":91},"8":{"loc":{"start":{"line":91,"column":6},"end":{"line":91,"column":62}},"type":"binary-expr","locations":[{"start":{"line":91,"column":6},"end":{"line":91,"column":28}},{"start":{"line":91,"column":32},"end":{"line":91,"column":62}}],"line":91},"9":{"loc":{"start":{"line":92,"column":2},"end":{"line":92,"column":46}},"type":"if","locations":[{"start":{"line":92,"column":2},"end":{"line":92,"column":46}},{"start":{},"end":{}}],"line":92},"10":{"loc":{"start":{"line":95,"column":2},"end":{"line":95,"column":56}},"type":"if","locations":[{"start":{"line":95,"column":2},"end":{"line":95,"column":56}},{"start":{},"end":{}}],"line":95},"11":{"loc":{"start":{"line":96,"column":2},"end":{"line":96,"column":50}},"type":"if","locations":[{"start":{"line":96,"column":2},"end":{"line":96,"column":50}},{"start":{},"end":{}}],"line":96},"12":{"loc":{"start":{"line":97,"column":2},"end":{"line":97,"column":50}},"type":"if","locations":[{"start":{"line":97,"column":2},"end":{"line":97,"column":50}},{"start":{},"end":{}}],"line":97},"13":{"loc":{"start":{"line":98,"column":2},"end":{"line":98,"column":43}},"type":"if","locations":[{"start":{"line":98,"column":2},"end":{"line":98,"column":43}},{"start":{},"end":{}}],"line":98},"14":{"loc":{"start":{"line":101,"column":2},"end":{"line":101,"column":47}},"type":"if","locations":[{"start":{"line":101,"column":2},"end":{"line":101,"column":47}},{"start":{},"end":{}}],"line":101},"15":{"loc":{"start":{"line":102,"column":2},"end":{"line":102,"column":44}},"type":"if","locations":[{"start":{"line":102,"column":2},"end":{"line":102,"column":44}},{"start":{},"end":{}}],"line":102},"16":{"loc":{"start":{"line":103,"column":2},"end":{"line":103,"column":64}},"type":"if","locations":[{"start":{"line":103,"column":2},"end":{"line":103,"column":64}},{"start":{},"end":{}}],"line":103},"17":{"loc":{"start":{"line":103,"column":6},"end":{"line":103,"column":49}},"type":"binary-expr","locations":[{"start":{"line":103,"column":6},"end":{"line":103,"column":26}},{"start":{"line":103,"column":30},"end":{"line":103,"column":49}}],"line":103},"18":{"loc":{"start":{"line":104,"column":2},"end":{"line":104,"column":80}},"type":"if","locations":[{"start":{"line":104,"column":2},"end":{"line":104,"column":80}},{"start":{},"end":{}}],"line":104},"19":{"loc":{"start":{"line":104,"column":6},"end":{"line":104,"column":64}},"type":"binary-expr","locations":[{"start":{"line":104,"column":6},"end":{"line":104,"column":39}},{"start":{"line":104,"column":43},"end":{"line":104,"column":64}}],"line":104},"20":{"loc":{"start":{"line":105,"column":2},"end":{"line":105,"column":41}},"type":"if","locations":[{"start":{"line":105,"column":2},"end":{"line":105,"column":41}},{"start":{},"end":{}}],"line":105},"21":{"loc":{"start":{"line":106,"column":2},"end":{"line":106,"column":45}},"type":"if","locations":[{"start":{"line":106,"column":2},"end":{"line":106,"column":45}},{"start":{},"end":{}}],"line":106},"22":{"loc":{"start":{"line":109,"column":2},"end":{"line":109,"column":73}},"type":"if","locations":[{"start":{"line":109,"column":2},"end":{"line":109,"column":73}},{"start":{},"end":{}}],"line":109},"23":{"loc":{"start":{"line":109,"column":6},"end":{"line":109,"column":58}},"type":"binary-expr","locations":[{"start":{"line":109,"column":6},"end":{"line":109,"column":34}},{"start":{"line":109,"column":38},"end":{"line":109,"column":58}}],"line":109},"24":{"loc":{"start":{"line":110,"column":2},"end":{"line":110,"column":112}},"type":"if","locations":[{"start":{"line":110,"column":2},"end":{"line":110,"column":112}},{"start":{},"end":{}}],"line":110},"25":{"loc":{"start":{"line":110,"column":6},"end":{"line":110,"column":96}},"type":"binary-expr","locations":[{"start":{"line":110,"column":6},"end":{"line":110,"column":37}},{"start":{"line":110,"column":41},"end":{"line":110,"column":62}},{"start":{"line":110,"column":66},"end":{"line":110,"column":96}}],"line":110},"26":{"loc":{"start":{"line":111,"column":2},"end":{"line":111,"column":92}},"type":"if","locations":[{"start":{"line":111,"column":2},"end":{"line":111,"column":92}},{"start":{},"end":{}}],"line":111},"27":{"loc":{"start":{"line":111,"column":6},"end":{"line":111,"column":77}},"type":"binary-expr","locations":[{"start":{"line":111,"column":6},"end":{"line":111,"column":26}},{"start":{"line":111,"column":30},"end":{"line":111,"column":53}},{"start":{"line":111,"column":57},"end":{"line":111,"column":77}}],"line":111},"28":{"loc":{"start":{"line":112,"column":2},"end":{"line":112,"column":78}},"type":"if","locations":[{"start":{"line":112,"column":2},"end":{"line":112,"column":78}},{"start":{},"end":{}}],"line":112},"29":{"loc":{"start":{"line":112,"column":6},"end":{"line":112,"column":63}},"type":"binary-expr","locations":[{"start":{"line":112,"column":6},"end":{"line":112,"column":39}},{"start":{"line":112,"column":43},"end":{"line":112,"column":63}}],"line":112},"30":{"loc":{"start":{"line":113,"column":2},"end":{"line":113,"column":76}},"type":"if","locations":[{"start":{"line":113,"column":2},"end":{"line":113,"column":76}},{"start":{},"end":{}}],"line":113},"31":{"loc":{"start":{"line":113,"column":6},"end":{"line":113,"column":61}},"type":"binary-expr","locations":[{"start":{"line":113,"column":6},"end":{"line":113,"column":37}},{"start":{"line":113,"column":41},"end":{"line":113,"column":61}}],"line":113},"32":{"loc":{"start":{"line":114,"column":2},"end":{"line":114,"column":68}},"type":"if","locations":[{"start":{"line":114,"column":2},"end":{"line":114,"column":68}},{"start":{},"end":{}}],"line":114},"33":{"loc":{"start":{"line":114,"column":6},"end":{"line":114,"column":54}},"type":"binary-expr","locations":[{"start":{"line":114,"column":6},"end":{"line":114,"column":31}},{"start":{"line":114,"column":35},"end":{"line":114,"column":54}}],"line":114},"34":{"loc":{"start":{"line":117,"column":2},"end":{"line":117,"column":53}},"type":"if","locations":[{"start":{"line":117,"column":2},"end":{"line":117,"column":53}},{"start":{},"end":{}}],"line":117},"35":{"loc":{"start":{"line":118,"column":2},"end":{"line":118,"column":80}},"type":"if","locations":[{"start":{"line":118,"column":2},"end":{"line":118,"column":80}},{"start":{},"end":{}}],"line":118},"36":{"loc":{"start":{"line":118,"column":6},"end":{"line":118,"column":61}},"type":"binary-expr","locations":[{"start":{"line":118,"column":6},"end":{"line":118,"column":30}},{"start":{"line":118,"column":34},"end":{"line":118,"column":61}}],"line":118},"37":{"loc":{"start":{"line":119,"column":2},"end":{"line":119,"column":47}},"type":"if","locations":[{"start":{"line":119,"column":2},"end":{"line":119,"column":47}},{"start":{},"end":{}}],"line":119},"38":{"loc":{"start":{"line":122,"column":2},"end":{"line":122,"column":39}},"type":"if","locations":[{"start":{"line":122,"column":2},"end":{"line":122,"column":39}},{"start":{},"end":{}}],"line":122},"39":{"loc":{"start":{"line":125,"column":2},"end":{"line":125,"column":45}},"type":"if","locations":[{"start":{"line":125,"column":2},"end":{"line":125,"column":45}},{"start":{},"end":{}}],"line":125},"40":{"loc":{"start":{"line":126,"column":2},"end":{"line":126,"column":48}},"type":"if","locations":[{"start":{"line":126,"column":2},"end":{"line":126,"column":48}},{"start":{},"end":{}}],"line":126}},"s":{"0":0,"1":0,"2":0,"3":0,"4":0,"5":0,"6":0,"7":0,"8":0,"9":0,"10":0,"11":0,"12":0,"13":0,"14":0,"15":0,"16":0,"17":0,"18":0,"19":0,"20":0,"21":0,"22":0,"23":0,"24":0,"25":0,"26":0,"27":0,"28":0,"29":0,"30":0,"31":0,"32":0,"33":0,"34":0,"35":0,"36":0,"37":0,"38":0,"39":0,"40":0,"41":0,"42":0,"43":0,"44":0,"45":0,"46":0,"47":0,"48":0,"49":0,"50":0,"51":0,"52":0,"53":0,"54":0,"55":0,"56":0,"57":0,"58":0,"59":0,"60":0,"61":0,"62":0,"63":0},"f":{"0":0,"1":0},"b":{"0":[0],"1":[0],"2":[0,0],"3":[0,0],"4":[0,0],"5":[0,0],"6":[0,0],"7":[0,0],"8":[0,0],"9":[0,0],"10":[0,0],"11":[0,0],"12":[0,0],"13":[0,0],"14":[0,0],"15":[0,0],"16":[0,0],"17":[0,0],"18":[0,0],"19":[0,0],"20":[0,0],"21":[0,0],"22":[0,0],"23":[0,0],"24":[0,0],"25":[0,0,0],"26":[0,0],"27":[0,0,0],"28":[0,0],"29":[0,0],"30":[0,0],"31":[0,0],"32":[0,0],"33":[0,0],"34":[0,0],"35":[0,0],"36":[0,0],"37":[0,0],"38":[0,0],"39":[0,0],"40":[0,0]}}
,"/Users/marcel/Projects/gamedb/mobile/components/library/EmptyLibraryState.tsx": {"path":"/Users/marcel/Projects/gamedb/mobile/components/library/EmptyLibraryState.tsx","statementMap":{"0":{"start":{"line":12,"column":21},"end":{"line":12,"column":31}},"1":{"start":{"line":13,"column":17},"end":{"line":13,"column":62}},"2":{"start":{"line":13,"column":31},"end":{"line":13,"column":51}},"3":{"start":{"line":15,"column":2},"end":{"line":33,"column":4}},"4":{"start":{"line":36,"column":21},"end":{"line":75,"column":2}},"5":{"start":{"line":36,"column":47},"end":{"line":75,"column":2}}},"fnMap":{"0":{"name":"EmptyLibraryState","decl":{"start":{"line":11,"column":16},"end":{"line":11,"column":33}},"loc":{"start":{"line":11,"column":74},"end":{"line":34,"column":1}},"line":11},"1":{"name":"(anonymous_1)","decl":{"start":{"line":13,"column":25},"end":{"line":13,"column":26}},"loc":{"start":{"line":13,"column":31},"end":{"line":13,"column":51}},"line":13},"2":{"name":"(anonymous_2)","decl":{"start":{"line":36,"column":21},"end":{"line":36,"column":22}},"loc":{"start":{"line":36,"column":47},"end":{"line":75,"column":2}},"line":36}},"branchMap":{},"s":{"0":4,"1":4,"2":4,"3":4,"4":1,"5":4},"f":{"0":4,"1":4,"2":4},"b":{},"_coverageSchema":"1a1c01bbd47fc00a2c39e90264f33305004495a9","hash":"930c627c6605b5ef911c52e80b7d18bb15594bbf"}
,"/Users/marcel/Projects/gamedb/mobile/components/library/FloatingActionButton.tsx": {"path":"/Users/marcel/Projects/gamedb/mobile/components/library/FloatingActionButton.tsx","statementMap":{"0":{"start":{"line":12,"column":21},"end":{"line":12,"column":31}},"1":{"start":{"line":13,"column":17},"end":{"line":13,"column":62}},"2":{"start":{"line":13,"column":31},"end":{"line":13,"column":51}},"3":{"start":{"line":15,"column":2},"end":{"line":27,"column":4}},"4":{"start":{"line":30,"column":21},"end":{"line":48,"column":2}},"5":{"start":{"line":30,"column":47},"end":{"line":48,"column":2}}},"fnMap":{"0":{"name":"FloatingActionButton","decl":{"start":{"line":11,"column":16},"end":{"line":11,"column":36}},"loc":{"start":{"line":11,"column":77},"end":{"line":28,"column":1}},"line":11},"1":{"name":"(anonymous_1)","decl":{"start":{"line":13,"column":25},"end":{"line":13,"column":26}},"loc":{"start":{"line":13,"column":31},"end":{"line":13,"column":51}},"line":13},"2":{"name":"(anonymous_2)","decl":{"start":{"line":30,"column":21},"end":{"line":30,"column":22}},"loc":{"start":{"line":30,"column":47},"end":{"line":48,"column":2}},"line":30}},"branchMap":{},"s":{"0":0,"1":0,"2":0,"3":0,"4":0,"5":0},"f":{"0":0,"1":0,"2":0},"b":{}}
,"/Users/marcel/Projects/gamedb/mobile/components/library/GameCardGrid.tsx": {"path":"/Users/marcel/Projects/gamedb/mobile/components/library/GameCardGrid.tsx","statementMap":{"0":{"start":{"line":15,"column":21},"end":{"line":15,"column":31}},"1":{"start":{"line":16,"column":17},"end":{"line":16,"column":62}},"2":{"start":{"line":16,"column":31},"end":{"line":16,"column":51}},"3":{"start":{"line":19,"column":30},"end":{"line":28,"column":22}},"4":{"start":{"line":20,"column":28},"end":{"line":20,"column":53}},"5":{"start":{"line":21,"column":4},"end":{"line":26,"column":7}},"6":{"start":{"line":22,"column":25},"end":{"line":22,"column":56}},"7":{"start":{"line":23,"column":6},"end":{"line":25,"column":7}},"8":{"start":{"line":24,"column":8},"end":{"line":24,"column":50}},"9":{"start":{"line":27,"column":4},"end":{"line":27,"column":48}},"10":{"start":{"line":30,"column":2},"end":{"line":92,"column":4}},"11":{"start":{"line":72,"column":16},"end":{"line":82,"column":23}},"12":{"start":{"line":95,"column":21},"end":{"line":158,"column":2}},"13":{"start":{"line":95,"column":47},"end":{"line":158,"column":2}}},"fnMap":{"0":{"name":"GameCardGrid","decl":{"start":{"line":14,"column":16},"end":{"line":14,"column":28}},"loc":{"start":{"line":14,"column":67},"end":{"line":93,"column":1}},"line":14},"1":{"name":"(anonymous_1)","decl":{"start":{"line":16,"column":25},"end":{"line":16,"column":26}},"loc":{"start":{"line":16,"column":31},"end":{"line":16,"column":51}},"line":16},"2":{"name":"(anonymous_2)","decl":{"start":{"line":19,"column":38},"end":{"line":19,"column":39}},"loc":{"start":{"line":19,"column":44},"end":{"line":28,"column":3}},"line":19},"3":{"name":"(anonymous_3)","decl":{"start":{"line":21,"column":27},"end":{"line":21,"column":28}},"loc":{"start":{"line":21,"column":39},"end":{"line":26,"column":5}},"line":21},"4":{"name":"(anonymous_4)","decl":{"start":{"line":71,"column":51},"end":{"line":71,"column":52}},"loc":{"start":{"line":72,"column":16},"end":{"line":82,"column":23}},"line":72},"5":{"name":"(anonymous_5)","decl":{"start":{"line":95,"column":21},"end":{"line":95,"column":22}},"loc":{"start":{"line":95,"column":47},"end":{"line":158,"column":2}},"line":95}},"branchMap":{"0":{"loc":{"start":{"line":23,"column":6},"end":{"line":25,"column":7}},"type":"if","locations":[{"start":{"line":23,"column":6},"end":{"line":25,"column":7}},{"start":{},"end":{}}],"line":23},"1":{"loc":{"start":{"line":35,"column":41},"end":{"line":35,"column":121}},"type":"cond-expr","locations":[{"start":{"line":35,"column":70},"end":{"line":35,"column":116}},{"start":{"line":35,"column":119},"end":{"line":35,"column":121}}],"line":35},"2":{"loc":{"start":{"line":41,"column":9},"end":{"line":47,"column":9}},"type":"cond-expr","locations":[{"start":{"line":42,"column":10},"end":{"line":42,"column":91}},{"start":{"line":44,"column":10},"end":{"line":46,"column":17}}],"line":41},"3":{"loc":{"start":{"line":56,"column":11},"end":{"line":88,"column":18}},"type":"cond-expr","locations":[{"start":{"line":58,"column":12},"end":{"line":67,"column":19}},{"start":{"line":68,"column":14},"end":{"line":88,"column":18}}],"line":56},"4":{"loc":{"start":{"line":68,"column":14},"end":{"line":88,"column":18}},"type":"cond-expr","locations":[{"start":{"line":70,"column":12},"end":{"line":87,"column":15}},{"start":{"line":88,"column":14},"end":{"line":88,"column":18}}],"line":68},"5":{"loc":{"start":{"line":84,"column":15},"end":{"line":86,"column":15}},"type":"binary-expr","locations":[{"start":{"line":84,"column":15},"end":{"line":84,"column":45}},{"start":{"line":85,"column":16},"end":{"line":85,"column":90}}],"line":84}},"s":{"0":8,"1":8,"2":8,"3":8,"4":8,"5":8,"6":24,"7":24,"8":24,"9":8,"10":8,"11":14,"12":1,"13":8},"f":{"0":8,"1":8,"2":8,"3":24,"4":14,"5":8},"b":{"0":[24,0],"1":[8,0],"2":[7,1],"3":[1,7],"4":[7,0],"5":[7,7]},"_coverageSchema":"1a1c01bbd47fc00a2c39e90264f33305004495a9","hash":"880d1ff402259cfd74df2f1e1acb4f0ab13c6ead"}
,"/Users/marcel/Projects/gamedb/mobile/components/library/GameCardList.tsx": {"path":"/Users/marcel/Projects/gamedb/mobile/components/library/GameCardList.tsx","statementMap":{"0":{"start":{"line":19,"column":21},"end":{"line":19,"column":31}},"1":{"start":{"line":20,"column":17},"end":{"line":20,"column":62}},"2":{"start":{"line":20,"column":31},"end":{"line":20,"column":51}},"3":{"start":{"line":21,"column":23},"end":{"line":21,"column":46}},"4":{"start":{"line":24,"column":30},"end":{"line":33,"column":22}},"5":{"start":{"line":25,"column":28},"end":{"line":25,"column":53}},"6":{"start":{"line":26,"column":4},"end":{"line":31,"column":7}},"7":{"start":{"line":27,"column":25},"end":{"line":27,"column":56}},"8":{"start":{"line":28,"column":6},"end":{"line":30,"column":7}},"9":{"start":{"line":29,"column":8},"end":{"line":29,"column":50}},"10":{"start":{"line":32,"column":4},"end":{"line":32,"column":48}},"11":{"start":{"line":35,"column":29},"end":{"line":64,"column":3}},"12":{"start":{"line":39,"column":18},"end":{"line":43,"column":6}},"13":{"start":{"line":45,"column":25},"end":{"line":48,"column":5}},"14":{"start":{"line":46,"column":6},"end":{"line":46,"column":36}},"15":{"start":{"line":47,"column":6},"end":{"line":47,"column":19}},"16":{"start":{"line":50,"column":4},"end":{"line":63,"column":6}},"17":{"start":{"line":67,"column":4},"end":{"line":135,"column":23}},"18":{"start":{"line":108,"column":16},"end":{"line":118,"column":23}},"19":{"start":{"line":139,"column":2},"end":{"line":141,"column":3}},"20":{"start":{"line":140,"column":4},"end":{"line":140,"column":23}},"21":{"start":{"line":143,"column":2},"end":{"line":152,"column":4}},"22":{"start":{"line":155,"column":21},"end":{"line":239,"column":2}},"23":{"start":{"line":155,"column":47},"end":{"line":239,"column":2}}},"fnMap":{"0":{"name":"GameCardList","decl":{"start":{"line":18,"column":16},"end":{"line":18,"column":28}},"loc":{"start":{"line":18,"column":95},"end":{"line":153,"column":1}},"line":18},"1":{"name":"(anonymous_1)","decl":{"start":{"line":20,"column":25},"end":{"line":20,"column":26}},"loc":{"start":{"line":20,"column":31},"end":{"line":20,"column":51}},"line":20},"2":{"name":"(anonymous_2)","decl":{"start":{"line":24,"column":38},"end":{"line":24,"column":39}},"loc":{"start":{"line":24,"column":44},"end":{"line":33,"column":3}},"line":24},"3":{"name":"(anonymous_3)","decl":{"start":{"line":26,"column":27},"end":{"line":26,"column":28}},"loc":{"start":{"line":26,"column":39},"end":{"line":31,"column":5}},"line":26},"4":{"name":"(anonymous_4)","decl":{"start":{"line":35,"column":29},"end":{"line":35,"column":30}},"loc":{"start":{"line":38,"column":7},"end":{"line":64,"column":3}},"line":38},"5":{"name":"(anonymous_5)","decl":{"start":{"line":45,"column":25},"end":{"line":45,"column":26}},"loc":{"start":{"line":45,"column":31},"end":{"line":48,"column":5}},"line":45},"6":{"name":"(anonymous_6)","decl":{"start":{"line":107,"column":51},"end":{"line":107,"column":52}},"loc":{"start":{"line":108,"column":16},"end":{"line":118,"column":23}},"line":108},"7":{"name":"(anonymous_7)","decl":{"start":{"line":155,"column":21},"end":{"line":155,"column":22}},"loc":{"start":{"line":155,"column":47},"end":{"line":239,"column":2}},"line":155}},"branchMap":{"0":{"loc":{"start":{"line":18,"column":55},"end":{"line":18,"column":73}},"type":"default-arg","locations":[{"start":{"line":18,"column":68},"end":{"line":18,"column":73}}],"line":18},"1":{"loc":{"start":{"line":28,"column":6},"end":{"line":30,"column":7}},"type":"if","locations":[{"start":{"line":28,"column":6},"end":{"line":30,"column":7}},{"start":{},"end":{}}],"line":28},"2":{"loc":{"start":{"line":71,"column":41},"end":{"line":71,"column":121}},"type":"cond-expr","locations":[{"start":{"line":71,"column":70},"end":{"line":71,"column":116}},{"start":{"line":71,"column":119},"end":{"line":71,"column":121}}],"line":71},"3":{"loc":{"start":{"line":77,"column":9},"end":{"line":83,"column":9}},"type":"cond-expr","locations":[{"start":{"line":78,"column":10},"end":{"line":78,"column":92}},{"start":{"line":80,"column":10},"end":{"line":82,"column":17}}],"line":77},"4":{"loc":{"start":{"line":92,"column":11},"end":{"line":124,"column":18}},"type":"cond-expr","locations":[{"start":{"line":94,"column":12},"end":{"line":103,"column":19}},{"start":{"line":104,"column":14},"end":{"line":124,"column":18}}],"line":92},"5":{"loc":{"start":{"line":104,"column":14},"end":{"line":124,"column":18}},"type":"cond-expr","locations":[{"start":{"line":106,"column":12},"end":{"line":123,"column":15}},{"start":{"line":124,"column":14},"end":{"line":124,"column":18}}],"line":104},"6":{"loc":{"start":{"line":120,"column":15},"end":{"line":122,"column":15}},"type":"binary-expr","locations":[{"start":{"line":120,"column":15},"end":{"line":120,"column":45}},{"start":{"line":121,"column":16},"end":{"line":121,"column":90}}],"line":120},"7":{"loc":{"start":{"line":139,"column":2},"end":{"line":141,"column":3}},"type":"if","locations":[{"start":{"line":139,"column":2},"end":{"line":141,"column":3}},{"start":{},"end":{}}],"line":139}},"s":{"0":9,"1":9,"2":9,"3":9,"4":9,"5":9,"6":9,"7":27,"8":27,"9":27,"10":9,"11":9,"12":0,"13":0,"14":0,"15":0,"16":0,"17":9,"18":24,"19":9,"20":8,"21":1,"22":1,"23":9},"f":{"0":9,"1":9,"2":9,"3":27,"4":0,"5":0,"6":24,"7":9},"b":{"0":[9],"1":[27,0],"2":[9,0],"3":[8,1],"4":[1,8],"5":[8,0],"6":[8,0],"7":[8,1]},"_coverageSchema":"1a1c01bbd47fc00a2c39e90264f33305004495a9","hash":"d7001272401b4ff4fba9a0c42f398ec516614391"}
,"/Users/marcel/Projects/gamedb/mobile/components/library/LibraryHeader.tsx": {"path":"/Users/marcel/Projects/gamedb/mobile/components/library/LibraryHeader.tsx","statementMap":{"0":{"start":{"line":23,"column":21},"end":{"line":23,"column":31}},"1":{"start":{"line":24,"column":17},"end":{"line":24,"column":62}},"2":{"start":{"line":24,"column":31},"end":{"line":24,"column":51}},"3":{"start":{"line":25,"column":50},"end":{"line":25,"column":65}},"4":{"start":{"line":27,"column":29},"end":{"line":32,"column":3}},"5":{"start":{"line":28,"column":4},"end":{"line":30,"column":5}},"6":{"start":{"line":29,"column":6},"end":{"line":29,"column":25}},"7":{"start":{"line":31,"column":4},"end":{"line":31,"column":43}},"8":{"start":{"line":34,"column":2},"end":{"line":129,"column":4}},"9":{"start":{"line":64,"column":27},"end":{"line":64,"column":51}},"10":{"start":{"line":78,"column":27},"end":{"line":78,"column":51}},"11":{"start":{"line":115,"column":29},"end":{"line":115,"column":47}},"12":{"start":{"line":132,"column":21},"end":{"line":190,"column":2}},"13":{"start":{"line":132,"column":47},"end":{"line":190,"column":2}}},"fnMap":{"0":{"name":"LibraryHeader","decl":{"start":{"line":16,"column":16},"end":{"line":16,"column":29}},"loc":{"start":{"line":22,"column":53},"end":{"line":130,"column":1}},"line":22},"1":{"name":"(anonymous_1)","decl":{"start":{"line":24,"column":25},"end":{"line":24,"column":26}},"loc":{"start":{"line":24,"column":31},"end":{"line":24,"column":51}},"line":24},"2":{"name":"(anonymous_2)","decl":{"start":{"line":27,"column":29},"end":{"line":27,"column":30}},"loc":{"start":{"line":27,"column":35},"end":{"line":32,"column":3}},"line":27},"3":{"name":"(anonymous_3)","decl":{"start":{"line":64,"column":21},"end":{"line":64,"column":22}},"loc":{"start":{"line":64,"column":27},"end":{"line":64,"column":51}},"line":64},"4":{"name":"(anonymous_4)","decl":{"start":{"line":78,"column":21},"end":{"line":78,"column":22}},"loc":{"start":{"line":78,"column":27},"end":{"line":78,"column":51}},"line":78},"5":{"name":"(anonymous_5)","decl":{"start":{"line":115,"column":23},"end":{"line":115,"column":24}},"loc":{"start":{"line":115,"column":29},"end":{"line":115,"column":47}},"line":115},"6":{"name":"(anonymous_6)","decl":{"start":{"line":132,"column":21},"end":{"line":132,"column":22}},"loc":{"start":{"line":132,"column":47},"end":{"line":190,"column":2}},"line":132}},"branchMap":{"0":{"loc":{"start":{"line":28,"column":4},"end":{"line":30,"column":5}},"type":"if","locations":[{"start":{"line":28,"column":4},"end":{"line":30,"column":5}},{"start":{},"end":{}}],"line":28},"1":{"loc":{"start":{"line":28,"column":8},"end":{"line":28,"column":50}},"type":"binary-expr","locations":[{"start":{"line":28,"column":8},"end":{"line":28,"column":24}},{"start":{"line":28,"column":28},"end":{"line":28,"column":50}}],"line":28},"2":{"loc":{"start":{"line":41,"column":25},"end":{"line":41,"column":59}},"type":"cond-expr","locations":[{"start":{"line":41,"column":43},"end":{"line":41,"column":49}},{"start":{"line":41,"column":52},"end":{"line":41,"column":59}}],"line":41},"3":{"loc":{"start":{"line":48,"column":43},"end":{"line":48,"column":90}},"type":"binary-expr","locations":[{"start":{"line":48,"column":43},"end":{"line":48,"column":59}},{"start":{"line":48,"column":63},"end":{"line":48,"column":90}}],"line":48},"4":{"loc":{"start":{"line":50,"column":32},"end":{"line":50,"column":85}},"type":"cond-expr","locations":[{"start":{"line":50,"column":51},"end":{"line":50,"column":68}},{"start":{"line":50,"column":71},"end":{"line":50,"column":85}}],"line":50},"5":{"loc":{"start":{"line":57,"column":21},"end":{"line":57,"column":72}},"type":"cond-expr","locations":[{"start":{"line":57,"column":40},"end":{"line":57,"column":49}},{"start":{"line":57,"column":52},"end":{"line":57,"column":72}}],"line":57},"6":{"loc":{"start":{"line":63,"column":43},"end":{"line":63,"column":93}},"type":"binary-expr","locations":[{"start":{"line":63,"column":43},"end":{"line":63,"column":62}},{"start":{"line":63,"column":66},"end":{"line":63,"column":93}}],"line":63},"7":{"loc":{"start":{"line":72,"column":21},"end":{"line":72,"column":75}},"type":"cond-expr","locations":[{"start":{"line":72,"column":43},"end":{"line":72,"column":52}},{"start":{"line":72,"column":55},"end":{"line":72,"column":75}}],"line":72},"8":{"loc":{"start":{"line":77,"column":43},"end":{"line":77,"column":93}},"type":"binary-expr","locations":[{"start":{"line":77,"column":43},"end":{"line":77,"column":62}},{"start":{"line":77,"column":66},"end":{"line":77,"column":93}}],"line":77},"9":{"loc":{"start":{"line":86,"column":21},"end":{"line":86,"column":75}},"type":"cond-expr","locations":[{"start":{"line":86,"column":43},"end":{"line":86,"column":52}},{"start":{"line":86,"column":55},"end":{"line":86,"column":75}}],"line":86},"10":{"loc":{"start":{"line":93,"column":7},"end":{"line":127,"column":7}},"type":"binary-expr","locations":[{"start":{"line":93,"column":7},"end":{"line":93,"column":23}},{"start":{"line":94,"column":8},"end":{"line":126,"column":15}}],"line":93},"11":{"loc":{"start":{"line":112,"column":11},"end":{"line":125,"column":11}},"type":"binary-expr","locations":[{"start":{"line":112,"column":11},"end":{"line":112,"column":33}},{"start":{"line":113,"column":12},"end":{"line":124,"column":31}}],"line":112}},"s":{"0":0,"1":0,"2":0,"3":0,"4":0,"5":0,"6":0,"7":0,"8":0,"9":0,"10":0,"11":0,"12":0,"13":0},"f":{"0":0,"1":0,"2":0,"3":0,"4":0,"5":0,"6":0},"b":{"0":[0,0],"1":[0,0],"2":[0,0],"3":[0,0],"4":[0,0],"5":[0,0],"6":[0,0],"7":[0,0],"8":[0,0],"9":[0,0],"10":[0,0],"11":[0,0]}}
,"/Users/marcel/Projects/gamedb/mobile/components/profile/UserPlatform.tsx": {"path":"/Users/marcel/Projects/gamedb/mobile/components/profile/UserPlatform.tsx","statementMap":{"0":{"start":{"line":14,"column":21},"end":{"line":14,"column":31}},"1":{"start":{"line":15,"column":17},"end":{"line":15,"column":62}},"2":{"start":{"line":15,"column":31},"end":{"line":15,"column":51}},"3":{"start":{"line":16,"column":41},"end":{"line":16,"column":55}},"4":{"start":{"line":18,"column":31},"end":{"line":31,"column":3}},"5":{"start":{"line":19,"column":4},"end":{"line":30,"column":6}},"6":{"start":{"line":27,"column":25},"end":{"line":27,"column":49}},"7":{"start":{"line":33,"column":2},"end":{"line":97,"column":4}},"8":{"start":{"line":49,"column":12},"end":{"line":70,"column":19}},"9":{"start":{"line":60,"column":33},"end":{"line":60,"column":63}},"10":{"start":{"line":88,"column":23},"end":{"line":88,"column":45}},"11":{"start":{"line":100,"column":21},"end":{"line":235,"column":2}},"12":{"start":{"line":100,"column":47},"end":{"line":235,"column":2}}},"fnMap":{"0":{"name":"UserPlatform","decl":{"start":{"line":13,"column":24},"end":{"line":13,"column":36}},"loc":{"start":{"line":13,"column":80},"end":{"line":98,"column":1}},"line":13},"1":{"name":"(anonymous_1)","decl":{"start":{"line":15,"column":25},"end":{"line":15,"column":26}},"loc":{"start":{"line":15,"column":31},"end":{"line":15,"column":51}},"line":15},"2":{"name":"(anonymous_2)","decl":{"start":{"line":18,"column":31},"end":{"line":18,"column":32}},"loc":{"start":{"line":18,"column":59},"end":{"line":31,"column":3}},"line":18},"3":{"name":"(anonymous_3)","decl":{"start":{"line":27,"column":19},"end":{"line":27,"column":20}},"loc":{"start":{"line":27,"column":25},"end":{"line":27,"column":49}},"line":27},"4":{"name":"(anonymous_4)","decl":{"start":{"line":48,"column":38},"end":{"line":48,"column":39}},"loc":{"start":{"line":49,"column":12},"end":{"line":70,"column":19}},"line":49},"5":{"name":"(anonymous_5)","decl":{"start":{"line":60,"column":27},"end":{"line":60,"column":28}},"loc":{"start":{"line":60,"column":33},"end":{"line":60,"column":63}},"line":60},"6":{"name":"(anonymous_6)","decl":{"start":{"line":88,"column":17},"end":{"line":88,"column":18}},"loc":{"start":{"line":88,"column":23},"end":{"line":88,"column":45}},"line":88},"7":{"name":"(anonymous_7)","decl":{"start":{"line":100,"column":21},"end":{"line":100,"column":22}},"loc":{"start":{"line":100,"column":47},"end":{"line":235,"column":2}},"line":100}},"branchMap":{"0":{"loc":{"start":{"line":46,"column":7},"end":{"line":83,"column":7}},"type":"cond-expr","locations":[{"start":{"line":47,"column":8},"end":{"line":72,"column":15}},{"start":{"line":74,"column":8},"end":{"line":82,"column":15}}],"line":46},"1":{"loc":{"start":{"line":67,"column":15},"end":{"line":69,"column":15}},"type":"binary-expr","locations":[{"start":{"line":67,"column":15},"end":{"line":67,"column":56}},{"start":{"line":68,"column":16},"end":{"line":68,"column":56}}],"line":67}},"s":{"0":0,"1":0,"2":0,"3":0,"4":0,"5":0,"6":0,"7":0,"8":0,"9":0,"10":0,"11":0,"12":0},"f":{"0":0,"1":0,"2":0,"3":0,"4":0,"5":0,"6":0,"7":0},"b":{"0":[0,0],"1":[0,0]}}
,"/Users/marcel/Projects/gamedb/mobile/screens/GameLibraryScreen.tsx": {"path":"/Users/marcel/Projects/gamedb/mobile/screens/GameLibraryScreen.tsx","statementMap":{"0":{"start":{"line":19,"column":21},"end":{"line":19,"column":31}},"1":{"start":{"line":20,"column":17},"end":{"line":20,"column":62}},"2":{"start":{"line":20,"column":31},"end":{"line":20,"column":51}},"3":{"start":{"line":21,"column":17},"end":{"line":21,"column":28}},"4":{"start":{"line":23,"column":40},"end":{"line":23,"column":52}},"5":{"start":{"line":24,"column":34},"end":{"line":24,"column":67}},"6":{"start":{"line":25,"column":45},"end":{"line":25,"column":59}},"7":{"start":{"line":28,"column":26},"end":{"line":36,"column":32}},"8":{"start":{"line":29,"column":4},"end":{"line":31,"column":5}},"9":{"start":{"line":30,"column":6},"end":{"line":30,"column":25}},"10":{"start":{"line":32,"column":18},"end":{"line":32,"column":50}},"11":{"start":{"line":33,"column":4},"end":{"line":35,"column":6}},"12":{"start":{"line":34,"column":6},"end":{"line":34,"column":45}},"13":{"start":{"line":39,"column":27},"end":{"line":56,"column":23}},"14":{"start":{"line":40,"column":4},"end":{"line":42,"column":5}},"15":{"start":{"line":41,"column":6},"end":{"line":41,"column":16}},"16":{"start":{"line":44,"column":29},"end":{"line":44,"column":54}},"17":{"start":{"line":46,"column":4},"end":{"line":50,"column":7}},"18":{"start":{"line":47,"column":23},"end":{"line":47,"column":55}},"19":{"start":{"line":48,"column":23},"end":{"line":48,"column":59}},"20":{"start":{"line":49,"column":6},"end":{"line":49,"column":58}},"21":{"start":{"line":53,"column":4},"end":{"line":55,"column":54}},"22":{"start":{"line":54,"column":31},"end":{"line":54,"column":46}},"23":{"start":{"line":55,"column":22},"end":{"line":55,"column":52}},"24":{"start":{"line":59,"column":30},"end":{"line":59,"column":57}},"25":{"start":{"line":61,"column":26},"end":{"line":63,"column":3}},"26":{"start":{"line":62,"column":4},"end":{"line":62,"column":50}},"27":{"start":{"line":65,"column":27},"end":{"line":67,"column":3}},"28":{"start":{"line":66,"column":4},"end":{"line":66,"column":50}},"29":{"start":{"line":69,"column":25},"end":{"line":71,"column":3}},"30":{"start":{"line":70,"column":4},"end":{"line":70,"column":51}},"31":{"start":{"line":73,"column":2},"end":{"line":158,"column":4}},"32":{"start":{"line":95,"column":12},"end":{"line":110,"column":13}},"33":{"start":{"line":96,"column":34},"end":{"line":96,"column":65}},"34":{"start":{"line":97,"column":14},"end":{"line":97,"column":44}},"35":{"start":{"line":97,"column":32},"end":{"line":97,"column":44}},"36":{"start":{"line":99,"column":14},"end":{"line":109,"column":16}},"37":{"start":{"line":102,"column":20},"end":{"line":106,"column":22}},"38":{"start":{"line":105,"column":37},"end":{"line":105,"column":61}},"39":{"start":{"line":112,"column":12},"end":{"line":118,"column":14}},"40":{"start":{"line":115,"column":31},"end":{"line":115,"column":55}},"41":{"start":{"line":116,"column":32},"end":{"line":116,"column":54}},"42":{"start":{"line":121,"column":12},"end":{"line":124,"column":19}},"43":{"start":{"line":126,"column":34},"end":{"line":126,"column":67}},"44":{"start":{"line":135,"column":12},"end":{"line":146,"column":13}},"45":{"start":{"line":138,"column":31},"end":{"line":138,"column":55}},"46":{"start":{"line":143,"column":31},"end":{"line":143,"column":55}},"47":{"start":{"line":144,"column":32},"end":{"line":144,"column":54}},"48":{"start":{"line":148,"column":34},"end":{"line":148,"column":67}},"49":{"start":{"line":161,"column":21},"end":{"line":221,"column":2}},"50":{"start":{"line":161,"column":47},"end":{"line":221,"column":2}}},"fnMap":{"0":{"name":"GameLibraryScreen","decl":{"start":{"line":18,"column":24},"end":{"line":18,"column":41}},"loc":{"start":{"line":18,"column":44},"end":{"line":159,"column":1}},"line":18},"1":{"name":"(anonymous_1)","decl":{"start":{"line":20,"column":25},"end":{"line":20,"column":26}},"loc":{"start":{"line":20,"column":31},"end":{"line":20,"column":51}},"line":20},"2":{"name":"(anonymous_2)","decl":{"start":{"line":28,"column":34},"end":{"line":28,"column":35}},"loc":{"start":{"line":28,"column":40},"end":{"line":36,"column":3}},"line":28},"3":{"name":"(anonymous_3)","decl":{"start":{"line":33,"column":30},"end":{"line":33,"column":31}},"loc":{"start":{"line":34,"column":6},"end":{"line":34,"column":45}},"line":34},"4":{"name":"(anonymous_4)","decl":{"start":{"line":39,"column":35},"end":{"line":39,"column":36}},"loc":{"start":{"line":39,"column":60},"end":{"line":56,"column":3}},"line":39},"5":{"name":"(anonymous_5)","decl":{"start":{"line":46,"column":28},"end":{"line":46,"column":29}},"loc":{"start":{"line":46,"column":36},"end":{"line":50,"column":5}},"line":46},"6":{"name":"(anonymous_6)","decl":{"start":{"line":54,"column":11},"end":{"line":54,"column":12}},"loc":{"start":{"line":54,"column":31},"end":{"line":54,"column":46}},"line":54},"7":{"name":"(anonymous_7)","decl":{"start":{"line":55,"column":12},"end":{"line":55,"column":13}},"loc":{"start":{"line":55,"column":22},"end":{"line":55,"column":52}},"line":55},"8":{"name":"(anonymous_8)","decl":{"start":{"line":61,"column":26},"end":{"line":61,"column":27}},"loc":{"start":{"line":61,"column":46},"end":{"line":63,"column":3}},"line":61},"9":{"name":"(anonymous_9)","decl":{"start":{"line":65,"column":27},"end":{"line":65,"column":28}},"loc":{"start":{"line":65,"column":43},"end":{"line":67,"column":3}},"line":65},"10":{"name":"(anonymous_10)","decl":{"start":{"line":69,"column":25},"end":{"line":69,"column":26}},"loc":{"start":{"line":69,"column":31},"end":{"line":71,"column":3}},"line":69},"11":{"name":"(anonymous_11)","decl":{"start":{"line":93,"column":22},"end":{"line":93,"column":23}},"loc":{"start":{"line":93,"column":43},"end":{"line":119,"column":11}},"line":93},"12":{"name":"(anonymous_12)","decl":{"start":{"line":101,"column":36},"end":{"line":101,"column":37}},"loc":{"start":{"line":102,"column":20},"end":{"line":106,"column":22}},"line":102},"13":{"name":"(anonymous_13)","decl":{"start":{"line":105,"column":31},"end":{"line":105,"column":32}},"loc":{"start":{"line":105,"column":37},"end":{"line":105,"column":61}},"line":105},"14":{"name":"(anonymous_14)","decl":{"start":{"line":115,"column":25},"end":{"line":115,"column":26}},"loc":{"start":{"line":115,"column":31},"end":{"line":115,"column":55}},"li
[...]
n":31}},"5":{"start":{"line":19,"column":4},"end":{"line":19,"column":19}},"6":{"start":{"line":20,"column":4},"end":{"line":20,"column":27}},"7":{"start":{"line":21,"column":4},"end":{"line":21,"column":33}},"8":{"start":{"line":27,"column":4},"end":{"line":27,"column":19}},"9":{"start":{"line":28,"column":4},"end":{"line":28,"column":31}},"10":{"start":{"line":35,"column":14},"end":{"line":35,"column":77}},"11":{"start":{"line":35,"column":30},"end":{"line":35,"column":77}},"12":{"start":{"line":35,"column":53},"end":{"line":35,"column":76}},"13":{"start":{"line":41,"column":21},"end":{"line":41,"column":42}},"14":{"start":{"line":42,"column":20},"end":{"line":42,"column":65}},"15":{"start":{"line":42,"column":37},"end":{"line":42,"column":55}},"16":{"start":{"line":44,"column":2},"end":{"line":60,"column":3}},"17":{"start":{"line":45,"column":21},"end":{"line":48,"column":6}},"18":{"start":{"line":49,"column":4},"end":{"line":49,"column":28}},"19":{"start":{"line":50,"column":4},"end":{"line":50,"column":20}},"20":{"start":{"line":52,"column":4},"end":{"line":52,"column":28}},"21":{"start":{"line":54,"column":4},"end":{"line":56,"column":5}},"22":{"start":{"line":55,"column":6},"end":{"line":55,"column":69}},"23":{"start":{"line":59,"column":4},"end":{"line":59,"column":88}},"24":{"start":{"line":67,"column":12},"end":{"line":67,"column":62}},"25":{"start":{"line":68,"column":2},"end":{"line":70,"column":3}},"26":{"start":{"line":69,"column":4},"end":{"line":69,"column":55}},"27":{"start":{"line":72,"column":32},"end":{"line":72,"column":36}},"28":{"start":{"line":75,"column":2},"end":{"line":139,"column":3}},"29":{"start":{"line":75,"column":21},"end":{"line":75,"column":22}},"30":{"start":{"line":76,"column":4},"end":{"line":138,"column":5}},"31":{"start":{"line":77,"column":23},"end":{"line":77,"column":50}},"32":{"start":{"line":80,"column":6},"end":{"line":103,"column":7}},"33":{"start":{"line":81,"column":29},"end":{"line":81,"column":62}},"34":{"start":{"line":84,"column":8},"end":{"line":102,"column":9}},"35":{"start":{"line":86,"column":12},"end":{"line":86,"column":73}},"36":{"start":{"line":88,"column":12},"end":{"line":88,"column":79}},"37":{"start":{"line":90,"column":12},"end":{"line":90,"column":103}},"38":{"start":{"line":95,"column":12},"end":{"line":98,"column":13}},"39":{"start":{"line":96,"column":14},"end":{"line":96,"column":48}},"40":{"start":{"line":97,"column":14},"end":{"line":97,"column":23}},"41":{"start":{"line":99,"column":12},"end":{"line":99,"column":99}},"42":{"start":{"line":101,"column":12},"end":{"line":101,"column":62}},"43":{"start":{"line":106,"column":19},"end":{"line":106,"column":40}},"44":{"start":{"line":109,"column":6},"end":{"line":112,"column":7}},"45":{"start":{"line":110,"column":8},"end":{"line":110,"column":60}},"46":{"start":{"line":111,"column":8},"end":{"line":111,"column":18}},"47":{"start":{"line":114,"column":6},"end":{"line":114,"column":18}},"48":{"start":{"line":117,"column":6},"end":{"line":117,"column":24}},"49":{"start":{"line":120,"column":6},"end":{"line":122,"column":7}},"50":{"start":{"line":121,"column":8},"end":{"line":121,"column":20}},"51":{"start":{"line":125,"column":6},"end":{"line":127,"column":7}},"52":{"start":{"line":126,"column":8},"end":{"line":126,"column":20}},"53":{"start":{"line":130,"column":6},"end":{"line":134,"column":7}},"54":{"start":{"line":131,"column":8},"end":{"line":131,"column":70}},"55":{"start":{"line":132,"column":8},"end":{"line":132,"column":42}},"56":{"start":{"line":133,"column":8},"end":{"line":133,"column":17}},"57":{"start":{"line":137,"column":6},"end":{"line":137,"column":79}},"58":{"start":{"line":141,"column":2},"end":{"line":141,"column":75}}},"fnMap":{"0":{"name":"(anonymous_0)","decl":{"start":{"line":9,"column":2},"end":{"line":9,"column":3}},"loc":{"start":{"line":9,"column":31},"end":{"line":12,"column":3}},"line":9},"1":{"name":"(anonymous_1)","decl":{"start":{"line":18,"column":2},"end":{"line":18,"column":3}},"loc":{"start":{"line":18,"column":51},"end":{"line":22,"column":3}},"line":18},"2":{"name":"(anonymous_2)","decl":{"start":{"line":26,"column":2},"end":{"line":26,"column":3}},"loc":{"start":{"line":26,"column":31},"end":{"line":29,"column":3}},"line":26},"3":{"name":"(anonymous_3)","decl":{"start":{"line":35,"column":14},"end":{"line":35,"column":15}},"loc":{"start":{"line":35,"column":30},"end":{"line":35,"column":77}},"line":35},"4":{"name":"(anonymous_4)","decl":{"start":{"line":35,"column":42},"end":{"line":35,"column":43}},"loc":{"start":{"line":35,"column":53},"end":{"line":35,"column":76}},"line":35},"5":{"name":"fetchWithTimeout","decl":{"start":{"line":40,"column":15},"end":{"line":40,"column":31}},"loc":{"start":{"line":40,"column":126},"end":{"line":61,"column":1}},"line":40},"6":{"name":"(anonymous_6)","decl":{"start":{"line":42,"column":31},"end":{"line":42,"column":32}},"loc":{"start":{"line":42,"column":37},"end":{"line":42,"column":55}},"line":42},"7":{"name":"searchGameApi","decl":{"start":{"line":66,"column":22},"end":{"line":66,"column":35}},"loc":{"start":{"line":66,"column":84},"end":{"line":142,"column":1}},"line":66}},"branchMap":{"0":{"loc":{"start":{"line":40,"column":45},"end":{"line":40,"column":70}},"type":"default-arg","locations":[{"start":{"line":40,"column":68},"end":{"line":40,"column":70}}],"line":40},"1":{"loc":{"start":{"line":40,"column":72},"end":{"line":40,"column":105}},"type":"default-arg","locations":[{"start":{"line":40,"column":90},"end":{"line":40,"column":105}}],"line":40},"2":{"loc":{"start":{"line":54,"column":4},"end":{"line":56,"column":5}},"type":"if","locations":[{"start":{"line":54,"column":4},"end":{"line":56,"column":5}},{"start":{},"end":{}}],"line":54},"3":{"loc":{"start":{"line":68,"column":2},"end":{"line":70,"column":3}},"type":"if","locations":[{"start":{"line":68,"column":2},"end":{"line":70,"column":3}},{"start":{},"end":{}}],"line":68},"4":{"loc":{"start":{"line":80,"column":6},"end":{"line":103,"column":7}},"type":"if","locations":[{"start":{"line":80,"column":6},"end":{"line":103,"column":7}},{"start":{},"end":{}}],"line":80},"5":{"loc":{"start":{"line":84,"column":8},"end":{"line":102,"column":9}},"type":"switch","locations":[{"start":{"line":85,"column":10},"end":{"line":86,"column":73}},{"start":{"line":87,"column":10},"end":{"line":88,"column":79}},{"start":{"line":89,"column":10},"end":{"line":90,"column":103}},{"start":{"line":91,"column":10},"end":{"line":91,"column":19}},{"start":{"line":92,"column":10},"end":{"line":92,"column":19}},{"start":{"line":93,"column":10},"end":{"line":99,"column":99}},{"start":{"line":100,"column":10},"end":{"line":101,"column":62}}],"line":84},"6":{"loc":{"start":{"line":95,"column":12},"end":{"line":98,"column":13}},"type":"if","locations":[{"start":{"line":95,"column":12},"end":{"line":98,"column":13}},{"start":{},"end":{}}],"line":95},"7":{"loc":{"start":{"line":109,"column":6},"end":{"line":112,"column":7}},"type":"if","locations":[{"start":{"line":109,"column":6},"end":{"line":112,"column":7}},{"start":{},"end":{}}],"line":109},"8":{"loc":{"start":{"line":120,"column":6},"end":{"line":122,"column":7}},"type":"if","locations":[{"start":{"line":120,"column":6},"end":{"line":122,"column":7}},{"start":{},"end":{}}],"line":120},"9":{"loc":{"start":{"line":120,"column":10},"end":{"line":120,"column":61}},"type":"binary-expr","locations":[{"start":{"line":120,"column":10},"end":{"line":120,"column":35}},{"start":{"line":120,"column":39},"end":{"line":120,"column":61}}],"line":120},"10":{"loc":{"start":{"line":125,"column":6},"end":{"line":127,"column":7}},"type":"if","locations":[{"start":{"line":125,"column":6},"end":{"line":127,"column":7}},{"start":{},"end":{}}],"line":125},"11":{"loc":{"start":{"line":130,"column":6},"end":{"line":134,"column":7}},"type":"if","locations":[{"start":{"line":130,"column":6},"end":{"line":134,"column":7}},{"start":{},"end":{}}],"line":130},"12":{"loc":{"start":{"line":137,"column":12},"end":{"line":137,"column":78}},"type":"binary-expr","locations":[{"start":{"line":137,"column":12},"end":{"line":137,"column":21}},{"start":{"line":137,"column":25},"end":{"line":137,"column":78}}],"line":137},"13":{"loc":{"start":{"line":141,"column":8},"end":{"line":141,"column":74}},"type":"binary-expr","locations":[{"start":{"line":141,"column":8},"end":{"line":141,"column":17}},{"start":{"line":141,"column":21},"end":{"line":141,"column":74}}],"line":141}},"s":{"0":0,"1":0,"2":0,"3":0,"4":0,"5":0,"6":0,"7":0,"8":0,"9":0,"10":0,"11":0,"12":0,"13":0,"14":0,"15":0,"16":0,"17":0,"18":0,"19":0,"20":0,"21":0,"22":0,"23":0,"24":0,"25":0,"26":0,"27":0,"28":0,"29":0,"30":0,"31":0,"32":0,"33":0,"34":0,"35":0,"36":0,"37":0,"38":0,"39":0,"40":0,"41":0,"42":0,"43":0,"44":0,"45":0,"46":0,"47":0,"48":0,"49":0,"50":0,"51":0,"52":0,"53":0,"54":0,"55":0,"56":0,"57":0,"58":0},"f":{"0":0,"1":0,"2":0,"3":0,"4":0,"5":0,"6":0,"7":0},"b":{"0":[0],"1":[0],"2":[0,0],"3":[0,0],"4":[0,0],"5":[0,0,0,0,0,0,0],"6":[0,0],"7":[0,0],"8":[0,0],"9":[0,0],"10":[0,0],"11":[0,0],"12":[0,0],"13":[0,0]}}
,"/Users/marcel/Projects/gamedb/mobile/store/types.ts": {"path":"/Users/marcel/Projects/gamedb/mobile/store/types.ts","statementMap":{},"fnMap":{},"branchMap":{},"s":{},"f":{},"b":{}}
,"/Users/marcel/Projects/gamedb/mobile/store/useGameStore.ts": {"path":"/Users/marcel/Projects/gamedb/mobile/store/useGameStore.ts","statementMap":{"0":{"start":{"line":34,"column":28},"end":{"line":106,"column":1}},"1":{"start":{"line":36,"column":19},"end":{"line":96,"column":5}},"2":{"start":{"line":44,"column":8},"end":{"line":44,"column":46}},"3":{"start":{"line":46,"column":8},"end":{"line":56,"column":9}},"4":{"start":{"line":47,"column":26},"end":{"line":47,"column":62}},"5":{"start":{"line":48,"column":10},"end":{"line":48,"column":60}},"6":{"start":{"line":49,"column":10},"end":{"line":49,"column":25}},"7":{"start":{"line":51,"column":10},"end":{"line":54,"column":13}},"8":{"start":{"line":55,"column":10},"end":{"line":55,"column":20}},"9":{"start":{"line":59,"column":41},"end":{"line":59,"column":46}},"10":{"start":{"line":60,"column":8},"end":{"line":69,"column":9}},"11":{"start":{"line":62,"column":10},"end":{"line":64,"column":14}},"12":{"start":{"line":63,"column":20},"end":{"line":63,"column":79}},"13":{"start":{"line":67,"column":10},"end":{"line":67,"column":77}},"14":{"start":{"line":67,"column":55},"end":{"line":67,"column":73}},"15":{"start":{"line":68,"column":10},"end":{"line":68,"column":73}},"16":{"start":{"line":68,"column":51},"end":{"line":68,"column":69}},"17":{"start":{"line":72,"column":30},"end":{"line":72,"column":35}},"18":{"start":{"line":74,"column":30},"end":{"line":76,"column":9}},"19":{"start":{"line":75,"column":18},"end":{"line":75,"column":78}},"20":{"start":{"line":77,"column":8},"end":{"line":79,"column":9}},"21":{"start":{"line":78,"column":10},"end":{"line":78,"column":75}},"22":{"start":{"line":82,"column":28},"end":{"line":82,"column":33}},"23":{"start":{"line":83,"column":8},"end":{"line":85,"column":9}},"24":{"start":{"line":83,"column":35},"end":{"line":83,"column":53}},"25":{"start":{"line":84,"column":10},"end":{"line":84,"column":49}},"26":{"start":{"line":88,"column":28},"end":{"line":88,"column":33}},"27":{"start":{"line":89,"column":8},"end":{"line":89,"column":71}},"28":{"start":{"line":89,"column":49},"end":{"line":89,"column":67}},"29":{"start":{"line":92,"column":8},"end":{"line":92,"column":33}},"30":{"start":{"line":94,"column":42},"end":{"line":94,"column":54}},"31":{"start":{"line":95,"column":24},"end":{"line":95,"column":42}},"32":{"start":{"line":99,"column":39},"end":{"line":99,"column":51}},"33":{"start":{"line":100,"column":30},"end":{"line":103,"column":7}}},"fnMap":{"0":{"name":"(anonymous_0)","decl":{"start":{"line":36,"column":4},"end":{"line":36,"column":5}},"loc":{"start":{"line":36,"column":19},"end":{"line":96,"column":5}},"line":36},"1":{"name":"(anonymous_1)","decl":{"start":{"line":43,"column":19},"end":{"line":43,"column":20}},"loc":{"start":{"line":43,"column":63},"end":{"line":57,"column":7}},"line":43},"2":{"name":"(anonymous_2)","decl":{"start":{"line":58,"column":25},"end":{"line":58,"column":26}},"loc":{"start":{"line":58,"column":68},"end":{"line":70,"column":7}},"line":58},"3":{"name":"(anonymous_3)","decl":{"start":{"line":63,"column":12},"end":{"line":63,"column":13}},"loc":{"start":{"line":63,"column":20},"end":{"line":63,"column":79}},"line":63},"4":{"name":"(anonymous_4)","decl":{"start":{"line":67,"column":47},"end":{"line":67,"column":48}},"loc":{"start":{"line":67,"column":55},"end":{"line":67,"column":73}},"line":67},"5":{"name":"(anonymous_5)","decl":{"start":{"line":68,"column":43},"end":{"line":68,"column":44}},"loc":{"start":{"line":68,"column":51},"end":{"line":68,"column":69}},"line":68},"6":{"name":"(anonymous_6)","decl":{"start":{"line":71,"column":20},"end":{"line":71,"column":21}},"loc":{"start":{"line":71,"column":61},"end":{"line":80,"column":7}},"line":71},"7":{"name":"(anonymous_7)","decl":{"start":{"line":75,"column":10},"end":{"line":75,"column":11}},"loc":{"start":{"line":75,"column":18},"end":{"line":75,"column":78}},"line":75},"8":{"name":"(anonymous_8)","decl":{"start":{"line":81,"column":22},"end":{"line":81,"column":23}},"loc":{"start":{"line":81,"column":38},"end":{"line":86,"column":7}},"line":81},"9":{"name":"(anonymous_9)","decl":{"start":{"line":83,"column":28},"end":{"line":83,"column":29}},"loc":{"start":{"line":83,"column":35},"end":{"line":83,"column":53}},"line":83},"10":{"name":"(anonymous_10)","decl":{"start":{"line":87,"column":27},"end":{"line":87,"column":28}},"loc":{"start":{"line":87,"column":47},"end":{"line":90,"column":7}},"line":87},"11":{"name":"(anonymous_11)","decl":{"start":{"line":89,"column":41},"end":{"line":89,"column":42}},"loc":{"start":{"line":89,"column":49},"end":{"line":89,"column":67}},"line":89},"12":{"name":"(anonymous_12)","decl":{"start":{"line":91,"column":26},"end":{"line":91,"column":27}},"loc":{"start":{"line":91,"column":32},"end":{"line":93,"column":7}},"line":91},"13":{"name":"(anonymous_13)","decl":{"start":{"line":94,"column":16},"end":{"line":94,"column":17}},"loc":{"start":{"line":94,"column":42},"end":{"line":94,"column":54}},"line":94},"14":{"name":"(anonymous_14)","decl":{"start":{"line":95,"column":18},"end":{"line":95,"column":19}},"loc":{"start":{"line":95,"column":24},"end":{"line":95,"column":42}},"line":95},"15":{"name":"(anonymous_15)","decl":{"start":{"line":99,"column":33},"end":{"line":99,"column":34}},"loc":{"start":{"line":99,"column":39},"end":{"line":99,"column":51}},"line":99},"16":{"name":"(anonymous_16)","decl":{"start":{"line":100,"column":18},"end":{"line":100,"column":19}},"loc":{"start":{"line":100,"column":30},"end":{"line":103,"column":7}},"line":100}},"branchMap":{"0":{"loc":{"start":{"line":52,"column":19},"end":{"line":52,"column":75}},"type":"cond-expr","locations":[{"start":{"line":52,"column":44},"end":{"line":52,"column":57}},{"start":{"line":52,"column":60},"end":{"line":52,"column":75}}],"line":52},"1":{"loc":{"start":{"line":60,"column":8},"end":{"line":69,"column":9}},"type":"if","locations":[{"start":{"line":60,"column":8},"end":{"line":69,"column":9}},{"start":{"line":65,"column":15},"end":{"line":69,"column":9}}],"line":60},"2":{"loc":{"start":{"line":63,"column":22},"end":{"line":63,"column":78}},"type":"binary-expr","locations":[{"start":{"line":63,"column":22},"end":{"line":63,"column":40}},{"start":{"line":63,"column":44},"end":{"line":63,"column":78}}],"line":63},"3":{"loc":{"start":{"line":75,"column":18},"end":{"line":75,"column":78}},"type":"binary-expr","locations":[{"start":{"line":75,"column":18},"end":{"line":75,"column":40}},{"start":{"line":75,"column":44},"end":{"line":75,"column":78}}],"line":75},"4":{"loc":{"start":{"line":77,"column":8},"end":{"line":79,"column":9}},"type":"if","locations":[{"start":{"line":77,"column":8},"end":{"line":79,"column":9}},{"start":{},"end":{}}],"line":77},"5":{"loc":{"start":{"line":83,"column":8},"end":{"line":85,"column":9}},"type":"if","locations":[{"start":{"line":83,"column":8},"end":{"line":85,"column":9}},{"start":{},"end":{}}],"line":83}},"s":{"0":1,"1":1,"2":4,"3":4,"4":4,"5":3,"6":3,"7":1,"8":1,"9":2,"10":2,"11":1,"12":2,"13":1,"14":2,"15":1,"16":0,"17":9,"18":9,"19":4,"20":9,"21":8,"22":4,"23":4,"24":1,"25":3,"26":1,"27":1,"28":1,"29":17,"30":2,"31":17,"32":1,"33":76},"f":{"0":1,"1":4,"2":2,"3":2,"4":2,"5":0,"6":9,"7":4,"8":4,"9":1,"10":1,"11":1,"12":17,"13":2,"14":17,"15":1,"16":76},"b":{"0":[1,0],"1":[1,1],"2":[2,2],"3":[4,4],"4":[8,1],"5":[3,1]},"_coverageSchema":"1a1c01bbd47fc00a2c39e90264f33305004495a9","hash":"f94027669eb2c6790c2d92f13f04e775f43793cc"}
,"/Users/marcel/Projects/gamedb/mobile/store/useUserStore.ts": {"path":"/Users/marcel/Projects/gamedb/mobile/store/useUserStore.ts","statementMap":{"0":{"start":{"line":20,"column":28},"end":{"line":48,"column":1}},"1":{"start":{"line":22,"column":19},"end":{"line":45,"column":5}},"2":{"start":{"line":25,"column":31},"end":{"line":25,"column":36}},"3":{"start":{"line":26,"column":24},"end":{"line":26,"column":46}},"4":{"start":{"line":27,"column":8},"end":{"line":30,"column":9}},"5":{"start":{"line":27,"column":49},"end":{"line":27,"column":66}},"6":{"start":{"line":28,"column":10},"end":{"line":28,"column":47}},"7":{"start":{"line":29,"column":10},"end":{"line":29,"column":71}},"8":{"start":{"line":33,"column":31},"end":{"line":33,"column":36}},"9":{"start":{"line":34,"column":24},"end":{"line":34,"column":46}},"10":{"start":{"line":35,"column":8},"end":{"line":35,"column":103}},"11":{"start":{"line":35,"column":81},"end":{"line":35,"column":98}},"12":{"start":{"line":38,"column":31},"end":{"line":38,"column":36}},"13":{"start":{"line":39,"column":8},"end":{"line":39,"column":70}},"14":{"start":{"line":42,"column":31},"end":{"line":42,"column":36}},"15":{"start":{"line":43,"column":8},"end":{"line":43,"column":64}},"16":{"start":{"line":46,"column":58},"end":{"line":46,"column":70}}},"fnMap":{"0":{"name":"(anonymous_0)","decl":{"start":{"line":22,"column":4},"end":{"line":22,"column":5}},"loc":{"start":{"line":22,"column":19},"end":{"line":45,"column":5}},"line":22},"1":{"name":"(anonymous_1)","decl":{"start":{"line":24,"column":19},"end":{"line":24,"column":20}},"loc":{"start":{"line":24,"column":47},"end":{"line":31,"column":7}},"line":24},"2":{"name":"(anonymous_2)","decl":{"start":{"line":27,"column":41},"end":{"line":27,"column":42}},"loc":{"start":{"line":27,"column":49},"end":{"line":27,"column":66}},"line":27},"3":{"name":"(anonymous_3)","decl":{"start":{"line":32,"column":22},"end":{"line":32,"column":23}},"loc":{"start":{"line":32,"column":50},"end":{"line":36,"column":7}},"line":32},"4":{"name":"(anonymous_4)","decl":{"start":{"line":35,"column":73},"end":{"line":35,"column":74}},"loc":{"start":{"line":35,"column":81},"end":{"line":35,"column":98}},"line":35},"5":{"name":"(anonymous_5)","decl":{"start":{"line":37,"column":22},"end":{"line":37,"column":23}},"loc":{"start":{"line":37,"column":47},"end":{"line":40,"column":7}},"line":37},"6":{"name":"(anonymous_6)","decl":{"start":{"line":41,"column":20},"end":{"line":41,"column":21}},"loc":{"start":{"line":41,"column":59},"end":{"line":44,"column":7}},"line":41},"7":{"name":"(anonymous_7)","decl":{"start":{"line":46,"column":52},"end":{"line":46,"column":53}},"loc":{"start":{"line":46,"column":58},"end":{"line":46,"column":70}},"line":46}},"branchMap":{"0":{"loc":{"start":{"line":27,"column":8},"end":{"line":30,"column":9}},"type":"if","locations":[{"start":{"line":27,"column":8},"end":{"line":30,"column":9}},{"start":{},"end":{}}],"line":27}},"s":{"0":1,"1":1,"2":16,"3":16,"4":16,"5":13,"6":15,"7":15,"8":3,"9":3,"10":3,"11":9,"12":4,"13":4,"14":0,"15":0,"16":1},"f":{"0":1,"1":16,"2":13,"3":3,"4":9,"5":4,"6":0,"7":1},"b":{"0":[15,1]},"_coverageSchema":"1a1c01bbd47fc00a2c39e90264f33305004495a9","hash":"2d17deef717fc2bba10c1fec498479fcfe630d9d"}
}
