TN:
SF:components/CustomTabBar.tsx
FN:10,CustomTabBar
FN:12,(anonymous_1)
FN:14,(anonymous_2)
FN:32,(anonymous_3)
FN:57,(anonymous_4)
FN:89,(anonymous_5)
FNF:6
FNH:0
FNDA:0,CustomTabBar
FNDA:0,(anonymous_1)
FNDA:0,(anonymous_2)
FNDA:0,(anonymous_3)
FNDA:0,(anonymous_4)
FNDA:0,(anonymous_5)
DA:11,0
DA:12,0
DA:14,0
DA:15,0
DA:21,0
DA:23,0
DA:24,0
DA:28,0
DA:33,0
DA:34,0
DA:37,0
DA:44,0
DA:45,0
DA:46,0
DA:47,0
DA:48,0
DA:51,0
DA:57,0
DA:89,0
LF:19
LH:0
BRDA:21,0,0,0
BRDA:21,0,1,0
BRDA:21,1,0,0
BRDA:21,1,1,0
BRDA:37,2,0,0
BRDA:37,2,1,0
BRDA:39,3,0,0
BRDA:39,3,1,0
BRDA:45,4,0,0
BRDA:45,4,1,0
BRDA:47,5,0,0
BRDA:47,5,1,0
BRDA:55,6,0,0
BRDA:55,6,1,0
BRDA:66,7,0,0
BRDA:66,7,1,0
BRDA:74,8,0,0
BRDA:74,8,1,0
BRDA:78,9,0,0
BRDA:78,9,1,0
BRDA:100,10,0,0
BRDA:100,10,1,0
BRF:22
BRH:0
end_of_record
TN:
SF:components/ErrorBoundary.tsx
FN:17,(anonymous_0)
FN:25,(anonymous_1)
FN:32,(anonymous_2)
FN:37,(anonymous_3)
FN:44,(anonymous_4)
FN:62,ErrorFallback
FNF:6
FNH:0
FNDA:0,(anonymous_0)
FNDA:0,(anonymous_1)
FNDA:0,(anonymous_2)
FNDA:0,(anonymous_3)
FNDA:0,(anonymous_4)
FNDA:0,ErrorFallback
DA:18,0
DA:19,0
DA:26,0
DA:34,0
DA:37,0
DA:38,0
DA:45,0
DA:46,0
DA:47,0
DA:50,0
DA:53,0
DA:63,0
DA:64,0
DA:114,0
LF:14
LH:0
BRDA:45,0,0,0
BRDA:45,0,1,0
BRDA:46,1,0,0
BRDA:46,1,1,0
BRDA:121,2,0,0
BRDA:121,2,1,0
BRDA:121,2,2,0
BRF:7
BRH:0
end_of_record
TN:
SF:components/game/GameCard.tsx
FN:16,GameCard
FN:23,(anonymous_1)
FN:30,(anonymous_2)
FN:32,(anonymous_3)
FN:86,(anonymous_4)
FN:97,(anonymous_5)
FN:127,(anonymous_6)
FN:144,(anonymous_7)
FNF:8
FNH:0
FNDA:0,GameCard
FNDA:0,(anonymous_1)
FNDA:0,(anonymous_2)
FNDA:0,(anonymous_3)
FNDA:0,(anonymous_4)
FNDA:0,(anonymous_5)
FNDA:0,(anonymous_6)
FNDA:0,(anonymous_7)
DA:22,0
DA:23,0
DA:25,0
DA:30,0
DA:31,0
DA:32,0
DA:33,0
DA:34,0
DA:35,0
DA:38,0
DA:41,0
DA:87,0
DA:98,0
DA:128,0
DA:129,0
DA:144,0
LF:16
LH:0
BRDA:20,0,0,0
BRDA:25,1,0,0
BRDA:25,1,1,0
BRDA:34,2,0,0
BRDA:34,2,1,0
BRDA:49,3,0,0
BRDA:49,3,1,0
BRDA:69,4,0,0
BRDA:69,4,1,0
BRDA:84,5,0,0
BRDA:84,5,1,0
BRDA:84,5,2,0
BRDA:95,6,0,0
BRDA:95,6,1,0
BRDA:110,7,0,0
BRDA:110,7,1,0
BRDA:117,8,0,0
BRDA:117,8,1,0
BRDA:124,9,0,0
BRDA:124,9,1,0
BRDA:124,9,2,0
BRF:21
BRH:0
end_of_record
TN:
SF:components/game/Platforms.tsx
FN:112,(anonymous_0)
FN:123,(anonymous_1)
FN:127,(anonymous_2)
FN:128,(anonymous_3)
FN:131,(anonymous_4)
FN:132,(anonymous_5)
FN:145,(anonymous_6)
FN:184,(anonymous_7)
FN:207,(anonymous_8)
FNF:9
FNH:9
FNDA:5,(anonymous_0)
FNDA:4,(anonymous_1)
FNDA:3,(anonymous_2)
FNDA:150,(anonymous_3)
FNDA:2,(anonymous_4)
FNDA:10,(anonymous_5)
FNDA:51,(anonymous_6)
FNDA:172,(anonymous_7)
FNDA:61,(anonymous_8)
DA:35,4
DA:73,4
DA:112,4
DA:113,5
DA:114,1
DA:115,1
DA:116,1
DA:117,1
DA:118,1
DA:123,4
DA:124,4
DA:127,4
DA:128,150
DA:131,4
DA:132,10
DA:145,4
DA:146,51
DA:149,51
DA:150,3
DA:154,48
DA:156,36
DA:160,12
DA:161,2
DA:165,10
DA:166,2
DA:170,8
DA:171,0
DA:175,8
DA:176,0
DA:180,8
DA:184,4
DA:185,172
DA:188,172
DA:189,30
DA:193,142
DA:194,30
DA:198,112
DA:199,4
DA:203,108
DA:207,4
DA:208,61
DA:211,61
DA:212,60
DA:213,59
DA:214,58
DA:215,57
DA:216,56
DA:219,56
DA:220,55
DA:221,54
DA:222,53
DA:225,53
DA:226,52
DA:227,51
DA:228,50
DA:229,43
DA:230,43
DA:233,42
DA:234,41
DA:235,40
DA:238,39
DA:239,30
DA:240,21
DA:241,11
DA:242,2
DA:243,1
DA:246,0
DA:249,0
DA:250,0
DA:253,0
LF:70
LH:64
BRDA:113,0,0,1
BRDA:113,0,1,1
BRDA:113,0,2,1
BRDA:113,0,3,1
BRDA:113,0,4,1
BRDA:124,1,0,4
BRDA:124,1,1,1
BRDA:149,2,0,3
BRDA:149,2,1,48
BRDA:149,3,0,51
BRDA:149,3,1,50
BRDA:149,3,2,49
BRDA:154,4,0,36
BRDA:154,4,1,12
BRDA:154,5,0,48
BRDA:154,5,1,30
BRDA:154,5,2,30
BRDA:154,5,3,30
BRDA:154,5,4,21
BRDA:154,5,5,11
BRDA:154,5,6,10
BRDA:160,6,0,2
BRDA:160,6,1,10
BRDA:165,7,0,2
BRDA:165,7,1,8
BRDA:165,8,0,10
BRDA:165,8,1,10
BRDA:165,8,2,9
BRDA:165,8,3,8
BRDA:170,9,0,0
BRDA:170,9,1,8
BRDA:175,10,0,0
BRDA:175,10,1,8
BRDA:188,11,0,30
BRDA:188,11,1,142
BRDA:188,12,0,172
BRDA:188,12,1,170
BRDA:188,12,2,169
BRDA:193,13,0,30
BRDA:193,13,1,112
BRDA:193,14,0,142
BRDA:193,14,1,113
BRDA:193,14,2,113
BRDA:193,14,3,30
BRDA:198,15,0,4
BRDA:198,15,1,108
BRDA:198,16,0,112
BRDA:198,16,1,109
BRDA:211,17,0,1
BRDA:211,17,1,60
BRDA:212,18,0,1
BRDA:212,18,1,59
BRDA:213,19,0,1
BRDA:213,19,1,58
BRDA:214,20,0,1
BRDA:214,20,1,57
BRDA:215,21,0,1
BRDA:215,21,1,56
BRDA:215,22,0,57
BRDA:215,22,1,56
BRDA:216,23,0,0
BRDA:216,23,1,56
BRDA:219,24,0,1
BRDA:219,24,1,55
BRDA:220,25,0,1
BRDA:220,25,1,54
BRDA:221,26,0,1
BRDA:221,26,1,53
BRDA:222,27,0,0
BRDA:222,27,1,53
BRDA:225,28,0,1
BRDA:225,28,1,52
BRDA:226,29,0,1
BRDA:226,29,1,51
BRDA:227,30,0,1
BRDA:227,30,1,50
BRDA:227,31,0,51
BRDA:227,31,1,1
BRDA:228,32,0,7
BRDA:228,32,1,43
BRDA:229,33,0,0
BRDA:229,33,1,43
BRDA:229,34,0,43
BRDA:229,34,1,43
BRDA:230,35,0,1
BRDA:230,35,1,42
BRDA:233,36,0,1
BRDA:233,36,1,41
BRDA:234,37,0,1
BRDA:234,37,1,40
BRDA:234,38,0,41
BRDA:234,38,1,40
BRDA:235,39,0,1
BRDA:235,39,1,39
BRDA:238,40,0,9
BRDA:238,40,1,30
BRDA:238,41,0,39
BRDA:238,41,1,30
BRDA:239,42,0,9
BRDA:239,42,1,21
BRDA:239,43,0,30
BRDA:239,43,1,21
BRDA:239,43,2,21
BRDA:240,44,0,10
BRDA:240,44,1,11
BRDA:240,45,0,21
BRDA:240,45,1,11
BRDA:240,45,2,10
BRDA:241,46,0,9
BRDA:241,46,1,2
BRDA:241,47,0,11
BRDA:241,47,1,2
BRDA:242,48,0,1
BRDA:242,48,1,1
BRDA:242,49,0,2
BRDA:242,49,1,1
BRDA:243,50,0,1
BRDA:243,50,1,0
BRDA:243,51,0,1
BRDA:243,51,1,0
BRDA:246,52,0,0
BRDA:246,52,1,0
BRDA:249,53,0,0
BRDA:249,53,1,0
BRDA:250,54,0,0
BRDA:250,54,1,0
BRF:126
BRH:113
end_of_record
TN:
SF:components/icons/PlatformIcon.tsx
FN:63,PlatformIcon
FN:83,getPlatformIconKey
FNF:2
FNH:0
FNDA:0,PlatformIcon
FNDA:0,getPlatformIconKey
DA:25,0
DA:64,0
DA:65,0
DA:68,0
DA:69,0
DA:73,0
DA:84,0
DA:87,0
DA:88,0
DA:89,0
DA:90,0
DA:91,0
DA:92,0
DA:95,0
DA:96,0
DA:97,0
DA:98,0
DA:101,0
DA:102,0
DA:103,0
DA:104,0
DA:105,0
DA:106,0
DA:109,0
DA:110,0
DA:111,0
DA:112,0
DA:113,0
DA:114,0
DA:117,0
DA:118,0
DA:119,0
DA:122,0
DA:125,0
DA:126,0
DA:129,0
LF:36
LH:0
BRDA:63,0,0,0
BRDA:63,1,0,0
BRDA:68,2,0,0
BRDA:68,2,1,0
BRDA:87,3,0,0
BRDA:87,3,1,0
BRDA:88,4,0,0
BRDA:88,4,1,0
BRDA:89,5,0,0
BRDA:89,5,1,0
BRDA:90,6,0,0
BRDA:90,6,1,0
BRDA:91,7,0,0
BRDA:91,7,1,0
BRDA:91,8,0,0
BRDA:91,8,1,0
BRDA:92,9,0,0
BRDA:92,9,1,0
BRDA:95,10,0,0
BRDA:95,10,1,0
BRDA:96,11,0,0
BRDA:96,11,1,0
BRDA:97,12,0,0
BRDA:97,12,1,0
BRDA:98,13,0,0
BRDA:98,13,1,0
BRDA:101,14,0,0
BRDA:101,14,1,0
BRDA:102,15,0,0
BRDA:102,15,1,0
BRDA:103,16,0,0
BRDA:103,16,1,0
BRDA:103,17,0,0
BRDA:103,17,1,0
BRDA:104,18,0,0
BRDA:104,18,1,0
BRDA:104,19,0,0
BRDA:104,19,1,0
BRDA:105,20,0,0
BRDA:105,20,1,0
BRDA:106,21,0,0
BRDA:106,21,1,0
BRDA:109,22,0,0
BRDA:109,22,1,0
BRDA:109,23,0,0
BRDA:109,23,1,0
BRDA:110,24,0,0
BRDA:110,24,1,0
BRDA:110,25,0,0
BRDA:110,25,1,0
BRDA:110,25,2,0
BRDA:111,26,0,0
BRDA:111,26,1,0
BRDA:111,27,0,0
BRDA:111,27,1,0
BRDA:111,27,2,0
BRDA:112,28,0,0
BRDA:112,28,1,0
BRDA:112,29,0,0
BRDA:112,29,1,0
BRDA:113,30,0,0
BRDA:113,30,1,0
BRDA:113,31,0,0
BRDA:113,31,1,0
BRDA:114,32,0,0
BRDA:114,32,1,0
BRDA:114,33,0,0
BRDA:114,33,1,0
BRDA:117,34,0,0
BRDA:117,34,1,0
BRDA:118,35,0,0
BRDA:118,35,1,0
BRDA:118,36,0,0
BRDA:118,36,1,0
BRDA:119,37,0,0
BRDA:119,37,1,0
BRDA:122,38,0,0
BRDA:122,38,1,0
BRDA:125,39,0,0
BRDA:125,39,1,0
BRDA:126,40,0,0
BRDA:126,40,1,0
BRF:82
BRH:0
end_of_record
TN:
SF:components/library/EmptyLibraryState.tsx
FN:11,EmptyLibraryState
FN:13,(anonymous_1)
FN:36,(anonymous_2)
FNF:3
FNH:3
FNDA:4,EmptyLibraryState
FNDA:4,(anonymous_1)
FNDA:4,(anonymous_2)
DA:12,4
DA:13,4
DA:15,4
DA:36,4
LF:4
LH:4
BRF:0
BRH:0
end_of_record
TN:
SF:components/library/FloatingActionButton.tsx
FN:11,FloatingActionButton
FN:13,(anonymous_1)
FN:30,(anonymous_2)
FNF:3
FNH:0
FNDA:0,FloatingActionButton
FNDA:0,(anonymous_1)
FNDA:0,(anonymous_2)
DA:12,0
DA:13,0
DA:15,0
DA:30,0
LF:4
LH:0
BRF:0
BRH:0
end_of_record
TN:
SF:components/library/GameCardGrid.tsx
FN:14,GameCardGrid
FN:16,(anonymous_1)
FN:19,(anonymous_2)
FN:21,(anonymous_3)
FN:71,(anonymous_4)
FN:95,(anonymous_5)
FNF:6
FNH:6
FNDA:8,GameCardGrid
FNDA:8,(anonymous_1)
FNDA:8,(anonymous_2)
FNDA:24,(anonymous_3)
FNDA:14,(anonymous_4)
FNDA:8,(anonymous_5)
DA:15,8
DA:16,8
DA:19,8
DA:20,8
DA:21,8
DA:22,24
DA:23,24
DA:24,24
DA:27,8
DA:30,8
DA:72,14
DA:95,8
LF:12
LH:12
BRDA:23,0,0,24
BRDA:23,0,1,0
BRDA:35,1,0,8
BRDA:35,1,1,0
BRDA:41,2,0,7
BRDA:41,2,1,1
BRDA:56,3,0,1
BRDA:56,3,1,7
BRDA:68,4,0,7
BRDA:68,4,1,0
BRDA:84,5,0,7
BRDA:84,5,1,7
BRF:12
BRH:9
end_of_record
TN:
SF:components/library/GameCardList.tsx
FN:18,GameCardList
FN:20,(anonymous_1)
FN:24,(anonymous_2)
FN:26,(anonymous_3)
FN:35,(anonymous_4)
FN:45,(anonymous_5)
FN:107,(anonymous_6)
FN:155,(anonymous_7)
FNF:8
FNH:6
FNDA:9,GameCardList
FNDA:9,(anonymous_1)
FNDA:9,(anonymous_2)
FNDA:27,(anonymous_3)
FNDA:0,(anonymous_4)
FNDA:0,(anonymous_5)
FNDA:24,(anonymous_6)
FNDA:9,(anonymous_7)
DA:19,9
DA:20,9
DA:21,9
DA:24,9
DA:25,9
DA:26,9
DA:27,27
DA:28,27
DA:29,27
DA:32,9
DA:35,9
DA:39,0
DA:45,0
DA:46,0
DA:47,0
DA:50,0
DA:67,9
DA:108,24
DA:139,9
DA:140,8
DA:143,1
DA:155,9
LF:22
LH:17
BRDA:18,0,0,9
BRDA:28,1,0,27
BRDA:28,1,1,0
BRDA:71,2,0,9
BRDA:71,2,1,0
BRDA:77,3,0,8
BRDA:77,3,1,1
BRDA:92,4,0,1
BRDA:92,4,1,8
BRDA:104,5,0,8
BRDA:104,5,1,0
BRDA:120,6,0,8
BRDA:120,6,1,0
BRDA:139,7,0,8
BRDA:139,7,1,1
BRF:15
BRH:11
end_of_record
TN:
SF:components/library/LibraryHeader.tsx
FN:16,LibraryHeader
FN:24,(anonymous_1)
FN:27,(anonymous_2)
FN:64,(anonymous_3)
FN:78,(anonymous_4)
FN:115,(anonymous_5)
FN:132,(anonymous_6)
FNF:7
FNH:0
FNDA:0,LibraryHeader
FNDA:0,(anonymous_1)
FNDA:0,(anonymous_2)
FNDA:0,(anonymous_3)
FNDA:0,(anonymous_4)
FNDA:0,(anonymous_5)
FNDA:0,(anonymous_6)
DA:23,0
DA:24,0
DA:25,0
DA:27,0
DA:28,0
DA:29,0
DA:31,0
DA:34,0
DA:64,0
DA:78,0
DA:115,0
DA:132,0
LF:12
LH:0
BRDA:28,0,0,0
BRDA:28,0,1,0
BRDA:28,1,0,0
BRDA:28,1,1,0
BRDA:41,2,0,0
BRDA:41,2,1,0
BRDA:48,3,0,0
BRDA:48,3,1,0
BRDA:50,4,0,0
BRDA:50,4,1,0
BRDA:57,5,0,0
BRDA:57,5,1,0
BRDA:63,6,0,0
BRDA:63,6,1,0
BRDA:72,7,0,0
BRDA:72,7,1,0
BRDA:77,8,0,0
BRDA:77,8,1,0
BRDA:86,9,0,0
BRDA:86,9,1,0
BRDA:93,10,0,0
BRDA:93,10,1,0
BRDA:112,11,0,0
BRDA:112,11,1,0
BRF:24
BRH:0
end_of_record
TN:
SF:components/profile/UserPlatform.tsx
FN:13,UserPlatform
FN:15,(anonymous_1)
FN:18,(anonymous_2)
FN:27,(anonymous_3)
FN:48,(anonymous_4)
FN:60,(anonymous_5)
FN:88,(anonymous_6)
FN:100,(anonymous_7)
FNF:8
FNH:0
FNDA:0,UserPlatform
FNDA:0,(anonymous_1)
FNDA:0,(anonymous_2)
FNDA:0,(anonymous_3)
FNDA:0,(anonymous_4)
FNDA:0,(anonymous_5)
FNDA:0,(anonymous_6)
FNDA:0,(anonymous_7)
DA:14,0
DA:15,0
DA:16,0
DA:18,0
DA:19,0
DA:27,0
DA:33,0
DA:49,0
DA:60,0
DA:88,0
DA:100,0
LF:11
LH:0
BRDA:46,0,0,0
BRDA:46,0,1,0
BRDA:67,1,0,0
BRDA:67,1,1,0
BRF:4
BRH:0
end_of_record
TN:
SF:screens/GameLibraryScreen.tsx
FN:18,GameLibraryScreen
FN:20,(anonymous_1)
FN:28,(anonymous_2)
FN:33,(anonymous_3)
FN:39,(anonymous_4)
FN:46,(anonymous_5)
FN:54,(anonymous_6)
FN:55,(anonymous_7)
FN:61,(anonymous_8)
FN:65,(anonymous_9)
FN:69,(anonymous_10)
FN:93,(anonymous_11)
FN:101,(anonymous_12)
FN:105,(anonymous_13)
FN:115,(anonymous_14)
FN:116,(anonymous_15)
FN:120,(anonymous_16)
FN:126,(anonymous_17)
FN:134,(anonymous_18)
FN:138,(anonymous_19)
FN:143,(anonymous_20)
FN:144,(anonymous_21)
FN:148,(anonymous_22)
FN:161,(anonymous_23)
FNF:24
FNH:0
FNDA:0,GameLibraryScreen
FNDA:0,(anonymous_1)
FNDA:0,(anonymous_2)
FNDA:0,(anonymous_3)
FNDA:0,(anonymous_4)
FNDA:0,(anonymous_5)
FNDA:0,(anonymous_6)
FNDA:0,(anonymous_7)
FNDA:0,(anonymous_8)
FNDA:0,(anonymous_9)
FNDA:0,(anonymous_10)
FNDA:0,(anonymous_11)
FNDA:0,(anonymous_12)
FNDA:0,(anonymous_13)
FNDA:0,(anonymous_14)
FNDA:0,(anonymous_15)
FNDA:0,(anonymous_16)
FNDA:0,(anonymous_17)
FNDA:0,(anonymous_18)
FNDA:0,(anonymous_19)
FNDA:0,(anonymous_20)
FNDA:0,(anonymous_21)
FNDA:0,(anonymous_22)
FNDA:0,(anonymous_23)
DA:19,0
DA:20,0
DA:21,0
DA:23,0
DA:24,0
DA:25,0
DA:28,0
DA:29,0
DA:30,0
DA:32,0
DA:33,0
DA:34,0
DA:39,0
DA:40,0
DA:41,0
DA:44,0
DA:46,0
DA:47,0
DA:48,0
DA:49,0
DA:53,0
DA:54,0
DA:55,0
DA:59,0
DA:61,0
DA:62,0
DA:65,0
DA:66,0
DA:69,0
DA:70,0
DA:73,0
DA:95,0
DA:96,0
DA:97,0
DA:99,0
DA:102,0
DA:105,0
DA:112,0
DA:115,0
DA:116,0
DA:121,0
DA:126,0
DA:135,0
DA:138,0
DA:143,0
DA:144,0
DA:148,0
DA:161,0
LF:48
LH:0
BRDA:29,0,0,0
BRDA:29,0,1,0
BRDA:40,1,0,0
BRDA:40,1,1,0
BRDA:47,2,0,0
BRDA:47,2,1,0
BRDA:48,3,0,0
BRDA:48,3,1,0
BRDA:83,4,0,0
BRDA:83,4,1,0
BRDA:85,5,0,0
BRDA:85,5,1,0
BRDA:90,6,0,0
BRDA:90,6,1,0
BRDA:95,7,0,0
BRDA:95,7,1,0
BRDA:97,8,0,0
BRDA:97,8,1,0
BRDA:127,9,0,0
BRDA:127,9,1,0
BRDA:135,10,0,0
BRDA:135,10,1,0
BRDA:149,11,0,0
BRDA:149,11,1,0
BRDA:151,12,0,0
BRDA:151,12,1,0
BRF:26
BRH:0
end_of_record
TN:
SF:services/GameService.ts
FN:9,(anonymous_0)
FN:18,(anonymous_1)
FN:26,(anonymous_2)
FN:35,(anonymous_3)
FN:35,(anonymous_4)
FN:40,fetchWithTimeout
FN:42,(anonymous_6)
FN:66,searchGameApi
FNF:8
FNH:0
FNDA:0,(anonymous_0)
FNDA:0,(anonymous_1)
FNDA:0,(anonymous_2)
FNDA:0,(anonymous_3)
FNDA:0,(anonymous_4)
FNDA:0,fetchWithTimeout
FNDA:0,(anonymous_6)
FNDA:0,searchGameApi
DA:1,0
DA:2,0
DA:3,0
DA:10,0
DA:11,0
DA:19,0
DA:20,0
DA:21,0
DA:27,0
DA:28,0
DA:35,0
DA:41,0
DA:42,0
DA:44,0
DA:45,0
DA:49,0
DA:50,0
DA:52,0
DA:54,0
DA:55,0
DA:59,0
DA:67,0
DA:68,0
DA:69,0
DA:72,0
DA:75,0
DA:76,0
DA:77,0
DA:80,0
DA:81,0
DA:84,0
DA:86,0
DA:88,0
DA:90,0
DA:95,0
DA:96,0
DA:97,0
DA:99,0
DA:101,0
DA:106,0
DA:109,0
DA:110,0
DA:111,0
DA:114,0
DA:117,0
DA:120,0
DA:121,0
DA:125,0
DA:126,0
DA:130,0
DA:131,0
DA:132,0
DA:133,0
DA:137,0
DA:141,0
LF:55
LH:0
BRDA:40,0,0,0
BRDA:40,1,0,0
BRDA:54,2,0,0
BRDA:54,2,1,0
BRDA:68,3,0,0
BRDA:68,3,1,0
BRDA:80,4,0,0
BRDA:80,4,1,0
BRDA:84,5,0,0
BRDA:84,5,1,0
BRDA:84,5,2,0
BRDA:84,5,3,0
BRDA:84,5,4,0
BRDA:84,5,5,0
BRDA:84,5,6,0
BRDA:95,6,0,0
BRDA:95,6,1,0
BRDA:109,7,0,0
BRDA:109,7,1,0
BRDA:120,8,0,0
BRDA:120,8,1,0
BRDA:120,9,0,0
BRDA:120,9,1,0
BRDA:125,10,0,0
BRDA:125,10,1,0
BRDA:130,11,0,0
BRDA:130,11,1,0
BRDA:137,12,0,0
BRDA:137,12,1,0
BRDA:141,13,0,0
BRDA:141,13,1,0
BRF:31
BRH:0
end_of_record
TN:
SF:store/types.ts
FNF:0
FNH:0
LF:0
LH:0
BRF:0
BRH:0
end_of_record
TN:
SF:store/useGameStore.ts
FN:36,(anonymous_0)
FN:43,(anonymous_1)
FN:58,(anonymous_2)
FN:63,(anonymous_3)
FN:67,(anonymous_4)
FN:68,(anonymous_5)
FN:71,(anonymous_6)
FN:75,(anonymous_7)
FN:81,(anonymous_8)
FN:83,(anonymous_9)
FN:87,(anonymous_10)
FN:89,(anonymous_11)
FN:91,(anonymous_12)
FN:94,(anonymous_13)
FN:95,(anonymous_14)
FN:99,(anonymous_15)
FN:100,(anonymous_16)
FNF:17
FNH:16
FNDA:1,(anonymous_0)
FNDA:4,(anonymous_1)
FNDA:2,(anonymous_2)
FNDA:2,(anonymous_3)
FNDA:2,(anonymous_4)
FNDA:0,(anonymous_5)
FNDA:9,(anonymous_6)
FNDA:4,(anonymous_7)
FNDA:4,(anonymous_8)
FNDA:1,(anonymous_9)
FNDA:1,(anonymous_10)
FNDA:1,(anonymous_11)
FNDA:17,(anonymous_12)
FNDA:2,(anonymous_13)
FNDA:17,(anonymous_14)
FNDA:1,(anonymous_15)
FNDA:76,(anonymous_16)
DA:34,1
DA:36,1
DA:44,4
DA:46,4
DA:47,4
DA:48,3
DA:49,3
DA:51,1
DA:55,1
DA:59,2
DA:60,2
DA:62,1
DA:63,2
DA:67,2
DA:68,1
DA:72,9
DA:74,9
DA:75,4
DA:77,9
DA:78,8
DA:82,4
DA:83,4
DA:84,3
DA:88,1
DA:89,1
DA:92,17
DA:94,2
DA:95,17
DA:99,1
DA:100,76
LF:30
LH:30
BRDA:52,0,0,1
BRDA:52,0,1,0
BRDA:60,1,0,1
BRDA:60,1,1,1
BRDA:63,2,0,2
BRDA:63,2,1,2
BRDA:75,3,0,4
BRDA:75,3,1,4
BRDA:77,4,0,8
BRDA:77,4,1,1
BRDA:83,5,0,3
BRDA:83,5,1,1
BRF:12
BRH:11
end_of_record
TN:
SF:store/useUserStore.ts
FN:22,(anonymous_0)
FN:24,(anonymous_1)
FN:27,(anonymous_2)
FN:32,(anonymous_3)
FN:35,(anonymous_4)
FN:37,(anonymous_5)
FN:41,(anonymous_6)
FN:46,(anonymous_7)
FNF:8
FNH:7
FNDA:1,(anonymous_0)
FNDA:16,(anonymous_1)
FNDA:13,(anonymous_2)
FNDA:3,(anonymous_3)
FNDA:9,(anonymous_4)
FNDA:4,(anonymous_5)
FNDA:0,(anonymous_6)
FNDA:1,(anonymous_7)
DA:20,1
DA:22,1
DA:25,16
DA:26,16
DA:27,16
DA:28,15
DA:29,15
DA:33,3
DA:34,3
DA:35,9
DA:38,4
DA:39,4
DA:42,0
DA:43,0
DA:46,1
LF:15
LH:13
BRDA:27,0,0,15
BRDA:27,0,1,1
BRF:2
BRH:2
end_of_record
